#
# There is insufficient memory for the Java Runtime Environment to continue.
# Native memory allocation (mmap) failed to map 95420416 bytes for committing reserved memory.
# Possible reasons:
#   The system is out of physical RAM or swap space
#   In 32 bit mode, the process size limit was hit
# Possible solutions:
#   Reduce memory load on the system
#   Increase physical memory or swap space
#   Check if swap backing store is full
#   Use 64 bit Java on a 64 bit OS
#   Decrease Java heap size (-Xmx/-Xms)
#   Decrease number of Java threads
#   Decrease Java thread stack sizes (-Xss)
#   Set larger code cache with -XX:ReservedCodeCacheSize=
# This output file may be truncated or incomplete.
#
#  Out of Memory Error (os_linux.cpp:2640), pid=19669, tid=0x00007ff500afa700
#
# JRE version: OpenJDK Runtime Environment (8.0_152-b01) (build 1.8.0_152-release-915-b01)
# Java VM: OpenJDK 64-Bit Server VM (25.152-b01 mixed mode linux-amd64 compressed oops)
# Core dump written. Default location: /home/ashindigo/Documents/WatchProg/core or core.19669
#

---------------  T H R E A D  ---------------

Current thread (0x00007ff524079000):  VMThread [stack: 0x00007ff5009fa000,0x00007ff500afb000] [id=19677]

Stack: [0x00007ff5009fa000,0x00007ff500afb000],  sp=0x00007ff500af9470,  free space=1021k
Native frames: (J=compiled Java code, j=interpreted, Vv=VM code, C=native code)
V  [libjvm.so+0x9eb15d]  VMError::report_and_die()+0x15d
V  [libjvm.so+0x4b8eaa]  report_vm_out_of_memory(char const*, int, unsigned long, VMErrorType, char const*)+0x8a
V  [libjvm.so+0x851370]  os::pd_commit_memory(char*, unsigned long, unsigned long, bool)+0xf0
V  [libjvm.so+0x84be8f]  os::commit_memory(char*, unsigned long, unsigned long, bool)+0x1f
V  [libjvm.so+0x8c261b]  PSVirtualSpace::expand_by(unsigned long)+0x5b
V  [libjvm.so+0x8c3290]  PSYoungGen::resize_generation(unsigned long, unsigned long)+0xb0
V  [libjvm.so+0x8c35ab]  PSYoungGen::resize(unsigned long, unsigned long)+0x1b
V  [libjvm.so+0x8bfc9c]  PSScavenge::invoke_no_policy()+0xdac
V  [libjvm.so+0x8c0478]  PSScavenge::invoke()+0x38
V  [libjvm.so+0x8748f3]  ParallelScavengeHeap::failed_mem_allocate(unsigned long)+0x63
V  [libjvm.so+0x9ecc84]  VM_ParallelGCFailedAllocation::doit()+0x84
V  [libjvm.so+0x9f1197]  VM_Operation::evaluate()+0x47
V  [libjvm.so+0x9efb78]  VMThread::evaluate_operation(VM_Operation*)+0x2c8
V  [libjvm.so+0x9efff9]  VMThread::loop()+0x219
V  [libjvm.so+0x9f0442]  VMThread::run()+0x72
V  [libjvm.so+0x84e792]  java_start(Thread*)+0xf2

VM_Operation (0x00007ff4da612890): ParallelGCFailedAllocation, mode: safepoint, requested by thread 0x00007ff4d000a000


---------------  P R O C E S S  ---------------

Java Threads: ( => current thread )
  0x00007ff4bd09e800 JavaThread "build operations Thread 4" [_thread_blocked, id=19706, stack(0x00007ff4d88b7000,0x00007ff4d89b8000)]
  0x00007ff4bd09d000 JavaThread "build operations Thread 3" [_thread_blocked, id=19705, stack(0x00007ff4d89b8000,0x00007ff4d8ab9000)]
  0x00007ff4bd09b800 JavaThread "build operations Thread 2" [_thread_blocked, id=19704, stack(0x00007ff4d8ab9000,0x00007ff4d8bba000)]
  0x00007ff4bd09a000 JavaThread "build operations" [_thread_blocked, id=19703, stack(0x00007ff4d8bba000,0x00007ff4d8cbb000)]
  0x00007ff4bcfac000 JavaThread "Cache worker for Artifact transforms cache (/home/ashindigo/.gradle/caches/transforms-1)" [_thread_blocked, id=19702, stack(0x00007ff4d8ebb000,0x00007ff4d8fbc000)]
  0x00007ff4bc25b800 JavaThread "Cache worker for file hash cache (/home/ashindigo/Documents/WatchProg/.gradle/4.1/fileHashes)" [_thread_blocked, id=19699, stack(0x00007ff4d9c14000,0x00007ff4d9d15000)]
  0x00007ff4bc113800 JavaThread "File lock request listener" [_thread_in_native, id=19698, stack(0x00007ff4d9f15000,0x00007ff4da016000)]
  0x00007ff4bc11b800 JavaThread "Cache worker for file hash cache (/home/ashindigo/.gradle/caches/4.1/fileHashes)" [_thread_blocked, id=19697, stack(0x00007ff4da016000,0x00007ff4da117000)]
  0x00007ff4bc012800 JavaThread "Stdin handler" [_thread_blocked, id=19696, stack(0x00007ff4da317000,0x00007ff4da418000)]
  0x00007ff4bc00f000 JavaThread "Asynchronous log dispatcher for DefaultDaemonConnection: socket connection from /127.0.0.1:35363 to /127.0.0.1:33046" [_thread_blocked, id=19695, stack(0x00007ff4da418000,0x00007ff4da519000)]
  0x00007ff4d000a000 JavaThread "Daemon worker" [_thread_blocked, id=19692, stack(0x00007ff4da519000,0x00007ff4da61a000)]
  0x00007ff4d0008800 JavaThread "Cancel handler" [_thread_blocked, id=19691, stack(0x00007ff4da61a000,0x00007ff4da71b000)]
  0x00007ff4d0003800 JavaThread "Handler for socket connection from /127.0.0.1:35363 to /127.0.0.1:33046" [_thread_in_native, id=19690, stack(0x00007ff4da71b000,0x00007ff4da81c000)]
  0x00007ff4d401c000 JavaThread "Daemon" [_thread_blocked, id=19689, stack(0x00007ff4da81c000,0x00007ff4da91d000)]
  0x00007ff524dbb000 JavaThread "Daemon periodic checks" [_thread_blocked, id=19688, stack(0x00007ff4da91d000,0x00007ff4daa1e000)]
  0x00007ff524d76000 JavaThread "Incoming local TCP Connector on port 35363" [_thread_in_native, id=19687, stack(0x00007ff4daa1e000,0x00007ff4dab1f000)]
  0x00007ff5240e3800 JavaThread "Service Thread" daemon [_thread_blocked, id=19684, stack(0x00007ff500158000,0x00007ff500259000)]
  0x00007ff5240be000 JavaThread "C1 CompilerThread2" daemon [_thread_blocked, id=19683, stack(0x00007ff500259000,0x00007ff50035a000)]
  0x00007ff5240bc800 JavaThread "C2 CompilerThread1" daemon [_thread_blocked, id=19682, stack(0x00007ff50035a000,0x00007ff50045b000)]
  0x00007ff5240b9800 JavaThread "C2 CompilerThread0" daemon [_thread_blocked, id=19681, stack(0x00007ff50045b000,0x00007ff50055c000)]
  0x00007ff5240b5000 JavaThread "Signal Dispatcher" daemon [_thread_blocked, id=19680, stack(0x00007ff50055c000,0x00007ff50065d000)]
  0x00007ff524085000 JavaThread "Finalizer" daemon [_thread_blocked, id=19679, stack(0x00007ff5007f8000,0x00007ff5008f9000)]
  0x00007ff524080800 JavaThread "Reference Handler" daemon [_thread_blocked, id=19678, stack(0x00007ff5008f9000,0x00007ff5009fa000)]
  0x00007ff52400b000 JavaThread "main" [_thread_blocked, id=19672, stack(0x00007ff52c338000,0x00007ff52c439000)]

Other Threads:
=>0x00007ff524079000 VMThread [stack: 0x00007ff5009fa000,0x00007ff500afb000] [id=19677]
  0x00007ff5240e6000 WatcherThread [stack: 0x00007ff500057000,0x00007ff500158000] [id=19685]

VM state:at safepoint (normal execution)

VM Mutex/Monitor currently owned by a thread:  ([mutex/lock_event])
[0x00007ff524007b80] Threads_lock - owner thread: 0x00007ff524079000
[0x00007ff524008080] Heap_lock - owner thread: 0x00007ff4d000a000

Heap:
 PSYoungGen      total 126464K, used 10224K [0x00000000e0000000, 0x00000000e8d00000, 0x0000000100000000)
  eden space 116224K, 0% used [0x00000000e0000000,0x00000000e0000000,0x00000000e7180000)
  from space 10240K, 99% used [0x00000000e7900000,0x00000000e82fc298,0x00000000e8300000)
  to   space 7168K, 0% used [0x00000000e8600000,0x00000000e8600000,0x00000000e8d00000)
 ParOldGen       total 48640K, used 6943K [0x00000000a0000000, 0x00000000a2f80000, 0x00000000e0000000)
  object space 48640K, 14% used [0x00000000a0000000,0x00000000a06c7f68,0x00000000a2f80000)
 Metaspace       used 32155K, capacity 32874K, committed 33024K, reserved 1077248K
  class space    used 4369K, capacity 4602K, committed 4608K, reserved 1048576K

Card table byte_map: [0x00007ff528eac000,0x00007ff5291ad000] byte_map_base: 0x00007ff5289ac000

Marking Bits: (ParMarkBitMap*) 0x00007ff52b8313e0
 Begin Bits: [0x00007ff501000000, 0x00007ff502800000)
 End Bits:   [0x00007ff502800000, 0x00007ff504000000)

Polling page: 0x00007ff52c472000

CodeCache: size=245760Kb used=11948Kb max_used=11948Kb free=233811Kb
 bounds [0x00007ff515000000, 0x00007ff515bc0000, 0x00007ff524000000]
 total_blobs=3937 nmethods=3270 adapters=581
 compilation: enabled

Compilation events (10 events):
Event: 44.831 Thread 0x00007ff5240be000 3485       3       org.gradle.internal.event.ListenerBroadcast::getSource (35 bytes)
Event: 44.832 Thread 0x00007ff5240be000 nmethod 3485 0x00007ff515baef90 code [0x00007ff515baf100, 0x00007ff515baf408]
Event: 45.206 Thread 0x00007ff5240be000 3486       3       org.gradle.internal.service.DefaultServiceRegistry$ParentServices$1::requiredBy (1 bytes)
Event: 45.711 Thread 0x00007ff5240be000 nmethod 3486 0x00007ff515b7da90 code [0x00007ff515b7dbe0, 0x00007ff515b7dd30]
Event: 46.148 Thread 0x00007ff5240be000 3487       3       java.net.URLClassLoader$1::run (5 bytes)
Event: 46.176 Thread 0x00007ff5240be000 nmethod 3487 0x00007ff515ba8d10 code [0x00007ff515ba8e80, 0x00007ff515ba9008]
Event: 46.176 Thread 0x00007ff5240be000 3488   !   3       java.net.URLClassLoader$1::run (63 bytes)
Event: 46.183 Thread 0x00007ff5240be000 nmethod 3488 0x00007ff515bac450 code [0x00007ff515bac620, 0x00007ff515bacb28]
Event: 46.294 Thread 0x00007ff5240b9800 3489   !   4       java.net.URL::<init> (543 bytes)
Event: 52.374 Thread 0x00007ff5240bc800 3490       4       com.google.common.collect.AbstractIndexedListIterator::hasNext (17 bytes)

GC Heap History (10 events):
Event: 2.786 GC heap after
Heap after GC invocations=3 (full 0):
 PSYoungGen      total 36864K, used 5100K [0x00000000e0000000, 0x00000000e4800000, 0x0000000100000000)
  eden space 31744K, 0% used [0x00000000e0000000,0x00000000e0000000,0x00000000e1f00000)
  from space 5120K, 99% used [0x00000000e1f00000,0x00000000e23fb368,0x00000000e2400000)
  to   space 5120K, 0% used [0x00000000e4300000,0x00000000e4300000,0x00000000e4800000)
 ParOldGen       total 84992K, used 2979K [0x00000000a0000000, 0x00000000a5300000, 0x00000000e0000000)
  object space 84992K, 3% used [0x00000000a0000000,0x00000000a02e8da0,0x00000000a5300000)
 Metaspace       used 14676K, capacity 15054K, committed 15360K, reserved 1062912K
  class space    used 2092K, capacity 2217K, committed 2304K, reserved 1048576K
}
Event: 3.913 GC heap before
{Heap before GC invocations=4 (full 0):
 PSYoungGen      total 36864K, used 36844K [0x00000000e0000000, 0x00000000e4800000, 0x0000000100000000)
  eden space 31744K, 100% used [0x00000000e0000000,0x00000000e1f00000,0x00000000e1f00000)
  from space 5120K, 99% used [0x00000000e1f00000,0x00000000e23fb368,0x00000000e2400000)
  to   space 5120K, 0% used [0x00000000e4300000,0x00000000e4300000,0x00000000e4800000)
 ParOldGen       total 84992K, used 2979K [0x00000000a0000000, 0x00000000a5300000, 0x00000000e0000000)
  object space 84992K, 3% used [0x00000000a0000000,0x00000000a02e8da0,0x00000000a5300000)
 Metaspace       used 20460K, capacity 20968K, committed 21248K, reserved 1067008K
  class space    used 2838K, capacity 3005K, committed 3072K, reserved 1048576K
Event: 3.932 GC heap after
Heap after GC invocations=4 (full 0):
 PSYoungGen      total 68608K, used 5108K [0x00000000e0000000, 0x00000000e4800000, 0x0000000100000000)
  eden space 63488K, 0% used [0x00000000e0000000,0x00000000e0000000,0x00000000e3e00000)
  from space 5120K, 99% used [0x00000000e4300000,0x00000000e47fd040,0x00000000e4800000)
  to   space 5120K, 0% used [0x00000000e3e00000,0x00000000e3e00000,0x00000000e4300000)
 ParOldGen       total 84992K, used 7102K [0x00000000a0000000, 0x00000000a5300000, 0x00000000e0000000)
  object space 84992K, 8% used [0x00000000a0000000,0x00000000a06efb00,0x00000000a5300000)
 Metaspace       used 20460K, capacity 20968K, committed 21248K, reserved 1067008K
  class space    used 2838K, capacity 3005K, committed 3072K, reserved 1048576K
}
Event: 3.966 GC heap before
{Heap before GC invocations=5 (full 0):
 PSYoungGen      total 68608K, used 6806K [0x00000000e0000000, 0x00000000e4800000, 0x0000000100000000)
  eden space 63488K, 2% used [0x00000000e0000000,0x00000000e01a8b38,0x00000000e3e00000)
  from space 5120K, 99% used [0x00000000e4300000,0x00000000e47fd040,0x00000000e4800000)
  to   space 5120K, 0% used [0x00000000e3e00000,0x00000000e3e00000,0x00000000e4300000)
 ParOldGen       total 84992K, used 7102K [0x00000000a0000000, 0x00000000a5300000, 0x00000000e0000000)
  object space 84992K, 8% used [0x00000000a0000000,0x00000000a06efb00,0x00000000a5300000)
 Metaspace       used 20617K, capacity 21032K, committed 21248K, reserved 1067008K
  class space    used 2855K, capacity 3005K, committed 3072K, reserved 1048576K
Event: 3.978 GC heap after
Heap after GC invocations=5 (full 0):
 PSYoungGen      total 68608K, used 5092K [0x00000000e0000000, 0x00000000e9000000, 0x0000000100000000)
  eden space 63488K, 0% used [0x00000000e0000000,0x00000000e0000000,0x00000000e3e00000)
  from space 5120K, 99% used [0x00000000e3e00000,0x00000000e42f9050,0x00000000e4300000)
  to   space 10240K, 0% used [0x00000000e8600000,0x00000000e8600000,0x00000000e9000000)
 ParOldGen       total 84992K, used 7366K [0x00000000a0000000, 0x00000000a5300000, 0x00000000e0000000)
  object space 84992K, 8% used [0x00000000a0000000,0x00000000a07319b8,0x00000000a5300000)
 Metaspace       used 20617K, capacity 21032K, committed 21248K, reserved 1067008K
  class space    used 2855K, capacity 3005K, committed 3072K, reserved 1048576K
}
Event: 3.978 GC heap before
{Heap before GC invocations=6 (full 1):
 PSYoungGen      total 68608K, used 5092K [0x00000000e0000000, 0x00000000e9000000, 0x0000000100000000)
  eden space 63488K, 0% used [0x00000000e0000000,0x00000000e0000000,0x00000000e3e00000)
  from space 5120K, 99% used [0x00000000e3e00000,0x00000000e42f9050,0x00000000e4300000)
  to   space 10240K, 0% used [0x00000000e8600000,0x00000000e8600000,0x00000000e9000000)
 ParOldGen       total 84992K, used 7366K [0x00000000a0000000, 0x00000000a5300000, 0x00000000e0000000)
  object space 84992K, 8% used [0x00000000a0000000,0x00000000a07319b8,0x00000000a5300000)
 Metaspace       used 20617K, capacity 21032K, committed 21248K, reserved 1067008K
  class space    used 2855K, capacity 3005K, committed 3072K, reserved 1048576K
Event: 4.036 GC heap after
Heap after GC invocations=6 (full 1):
 PSYoungGen      total 68608K, used 0K [0x00000000e0000000, 0x00000000e9000000, 0x0000000100000000)
  eden space 63488K, 0% used [0x00000000e0000000,0x00000000e0000000,0x00000000e3e00000)
  from space 5120K, 0% used [0x00000000e3e00000,0x00000000e3e00000,0x00000000e4300000)
  to   space 10240K, 0% used [0x00000000e8600000,0x00000000e8600000,0x00000000e9000000)
 ParOldGen       total 48640K, used 6277K [0x00000000a0000000, 0x00000000a2f80000, 0x00000000e0000000)
  object space 48640K, 12% used [0x00000000a0000000,0x00000000a0621648,0x00000000a2f80000)
 Metaspace       used 20617K, capacity 21032K, committed 21248K, reserved 1067008K
  class space    used 2855K, capacity 3005K, committed 3072K, reserved 1048576K
}
Event: 5.602 GC heap before
{Heap before GC invocations=7 (full 1):
 PSYoungGen      total 68608K, used 63488K [0x00000000e0000000, 0x00000000e9000000, 0x0000000100000000)
  eden space 63488K, 100% used [0x00000000e0000000,0x00000000e3e00000,0x00000000e3e00000)
  from space 5120K, 0% used [0x00000000e3e00000,0x00000000e3e00000,0x00000000e4300000)
  to   space 10240K, 0% used [0x00000000e8600000,0x00000000e8600000,0x00000000e9000000)
 ParOldGen       total 48640K, used 6277K [0x00000000a0000000, 0x00000000a2f80000, 0x00000000e0000000)
  object space 48640K, 12% used [0x00000000a0000000,0x00000000a0621648,0x00000000a2f80000)
 Metaspace       used 25631K, capacity 26144K, committed 26496K, reserved 1073152K
  class space    used 3506K, capacity 3697K, committed 3712K, reserved 1048576K
Event: 5.734 GC heap after
Heap after GC invocations=7 (full 1):
 PSYoungGen      total 123392K, used 7094K [0x00000000e0000000, 0x00000000e8d00000, 0x0000000100000000)
  eden space 116224K, 0% used [0x00000000e0000000,0x00000000e0000000,0x00000000e7180000)
  from space 7168K, 98% used [0x00000000e8600000,0x00000000e8cedb90,0x00000000e8d00000)
  to   space 10240K, 0% used [0x00000000e7900000,0x00000000e7900000,0x00000000e8300000)
 ParOldGen       total 48640K, used 6285K [0x00000000a0000000, 0x00000000a2f80000, 0x00000000e0000000)
  object space 48640K, 12% used [0x00000000a0000000,0x00000000a0623648,0x00000000a2f80000)
 Metaspace       used 25631K, capacity 26144K, committed 26496K, reserved 1073152K
  class space    used 3506K, capacity 3697K, committed 3712K, reserved 1048576K
}
Event: 60.311 GC heap before
{Heap before GC invocations=8 (full 1):
 PSYoungGen      total 123392K, used 123318K [0x00000000e0000000, 0x00000000e8d00000, 0x0000000100000000)
  eden space 116224K, 100% used [0x00000000e0000000,0x00000000e7180000,0x00000000e7180000)
  from space 7168K, 98% used [0x00000000e8600000,0x00000000e8cedb90,0x00000000e8d00000)
  to   space 10240K, 0% used [0x00000000e7900000,0x00000000e7900000,0x00000000e8300000)
 ParOldGen       total 48640K, used 6285K [0x00000000a0000000, 0x00000000a2f80000, 0x00000000e0000000)
  object space 48640K, 12% used [0x00000000a0000000,0x00000000a0623648,0x00000000a2f80000)
 Metaspace       used 32155K, capacity 32874K, committed 33024K, reserved 1077248K
  class space    used 4369K, capacity 4602K, committed 4608K, reserved 1048576K

Deoptimization events (10 events):
Event: 22.535 Thread 0x00007ff524dbb000 Uncommon trap: reason=unstable_if action=reinterpret pc=0x00007ff5159f481c method=java.lang.Integer.valueOf(I)Ljava/lang/Integer; @ 10
Event: 25.654 Thread 0x00007ff4bd09e800 Uncommon trap: reason=unstable_if action=reinterpret pc=0x00007ff51567d0e0 method=java.util.concurrent.ConcurrentHashMap.putVal(Ljava/lang/Object;Ljava/lang/Object;Z)Ljava/lang/Object; @ 113
Event: 25.654 Thread 0x00007ff4bd09a000 Uncommon trap: reason=unstable_if action=reinterpret pc=0x00007ff51567d0e0 method=java.util.concurrent.ConcurrentHashMap.putVal(Ljava/lang/Object;Ljava/lang/Object;Z)Ljava/lang/Object; @ 113
Event: 36.687 Thread 0x00007ff4d000a000 Uncommon trap: reason=class_check action=maybe_recompile pc=0x00007ff515694a28 method=java.io.BufferedInputStream.read1([BII)I @ 39
Event: 36.696 Thread 0x00007ff4d000a000 Uncommon trap: reason=class_check action=maybe_recompile pc=0x00007ff515694a28 method=java.io.BufferedInputStream.read1([BII)I @ 39
Event: 36.696 Thread 0x00007ff4d000a000 Uncommon trap: reason=class_check action=maybe_recompile pc=0x00007ff515694a28 method=java.io.BufferedInputStream.read1([BII)I @ 39
Event: 44.840 Thread 0x00007ff4d000a000 Uncommon trap: reason=class_check action=maybe_recompile pc=0x00007ff515694a28 method=java.io.BufferedInputStream.read1([BII)I @ 39
Event: 44.844 Thread 0x00007ff4d000a000 Uncommon trap: reason=class_check action=maybe_recompile pc=0x00007ff5156914b8 method=java.io.BufferedInputStream.read1([BII)I @ 39
Event: 46.138 Thread 0x00007ff4d000a000 Uncommon trap: reason=unstable_if action=reinterpret pc=0x00007ff5157dac58 method=java.net.URLClassLoader.isSealed(Ljava/lang/String;Ljava/util/jar/Manifest;)Z @ 26
Event: 46.170 Thread 0x00007ff4d000a000 Uncommon trap: reason=unstable_if action=reinterpret pc=0x00007ff5157f8390 method=java.net.URLClassLoader.isSealed(Ljava/lang/String;Ljava/util/jar/Manifest;)Z @ 26

Classes redefined (0 events):
No events

Internal exceptions (10 events):
Event: 33.093 Thread 0x00007ff4d000a000 Exception <a 'java/lang/ClassNotFoundException': org/gradle/api/internal/AbstractTaskBeanInfo> (0x00000000e6723ed0) thrown at [/ssd/Android/AOSP-openjdk-git/jdk8u/hotspot/src/share/vm/classfile/systemDictionary.cpp, line 210]
Event: 33.094 Thread 0x00007ff4d000a000 Exception <a 'java/lang/ClassNotFoundException': org/gradle/api/internal/AbstractTaskCustomizer> (0x00000000e674ab88) thrown at [/ssd/Android/AOSP-openjdk-git/jdk8u/hotspot/src/share/vm/classfile/systemDictionary.cpp, line 210]
Event: 33.116 Thread 0x00007ff4d000a000 Exception <a 'java/lang/ClassNotFoundException': org/gradle/api/DefaultTaskCustomizer> (0x00000000e67cb718) thrown at [/ssd/Android/AOSP-openjdk-git/jdk8u/hotspot/src/share/vm/classfile/systemDictionary.cpp, line 210]
Event: 33.124 Thread 0x00007ff4d000a000 Exception <a 'java/lang/ClassNotFoundException': org/gradle/api/internal/ConventionTaskCustomizer> (0x00000000e6801630) thrown at [/ssd/Android/AOSP-openjdk-git/jdk8u/hotspot/src/share/vm/classfile/systemDictionary.cpp, line 210]
Event: 33.128 Thread 0x00007ff4d000a000 Exception <a 'java/lang/ClassNotFoundException': org/gradle/api/tasks/DeleteCustomizer> (0x00000000e6835d50) thrown at [/ssd/Android/AOSP-openjdk-git/jdk8u/hotspot/src/share/vm/classfile/systemDictionary.cpp, line 210]
Event: 33.132 Thread 0x00007ff4d000a000 Exception <a 'java/lang/ClassNotFoundException': org/gradle/api/tasks/Delete_DecoratedCustomizer> (0x00000000e6877660) thrown at [/ssd/Android/AOSP-openjdk-git/jdk8u/hotspot/src/share/vm/classfile/systemDictionary.cpp, line 210]
Event: 33.889 Thread 0x00007ff4d000a000 Exception <a 'java/lang/ClassNotFoundException': build_8havac2ytkb4tvduu1soagtgdBeanInfo> (0x00000000e696a6b0) thrown at [/ssd/Android/AOSP-openjdk-git/jdk8u/hotspot/src/share/vm/classfile/systemDictionary.cpp, line 210]
Event: 33.889 Thread 0x00007ff4d000a000 Exception <a 'java/lang/ClassNotFoundException': build_8havac2ytkb4tvduu1soagtgdCustomizer> (0x00000000e69746d8) thrown at [/ssd/Android/AOSP-openjdk-git/jdk8u/hotspot/src/share/vm/classfile/systemDictionary.cpp, line 210]
Event: 34.211 Thread 0x00007ff4d000a000 Exception <a 'java/lang/ClassNotFoundException': org/gradle/api/internal/plugins/DefaultObjectConfigurationActionBeanInfo> (0x00000000e69d3720) thrown at [/ssd/Android/AOSP-openjdk-git/jdk8u/hotspot/src/share/vm/classfile/systemDictionary.cpp, line 210]
Event: 34.217 Thread 0x00007ff4d000a000 Exception <a 'java/lang/ClassNotFoundException': org/gradle/api/internal/plugins/DefaultObjectConfigurationActionCustomizer> (0x00000000e6a054c0) thrown at [/ssd/Android/AOSP-openjdk-git/jdk8u/hotspot/src/share/vm/classfile/systemDictionary.cpp, line 210]

Events (10 events):
Event: 46.281 loading class org/apache/tools/ant/util/FileUtils done
Event: 46.301 loading class org/apache/tools/ant/util/FileUtils$2
Event: 46.301 loading class org/apache/tools/ant/util/FileUtils$2 done
Event: 46.958 loading class org/apache/tools/ant/taskdefs/condition/Os
Event: 46.989 loading class org/apache/tools/ant/taskdefs/condition/Os done
Event: 49.045 loading class org/apache/tools/ant/taskdefs/condition/Condition
Event: 49.048 loading class org/apache/tools/ant/taskdefs/condition/Condition done
Event: 57.961 loading class org/apache/tools/ant/types/FilterSet
Event: 57.983 loading class org/apache/tools/ant/types/FilterSet done
Event: 58.679 Executing VM operation: ParallelGCFailedAllocation


Dynamic libraries:
00400000-00401000 r-xp 00000000 08:05 1214982                            /opt/android-studio/jre/bin/java
00600000-00601000 r--p 00000000 08:05 1214982                            /opt/android-studio/jre/bin/java
00601000-00602000 rw-p 00001000 08:05 1214982                            /opt/android-studio/jre/bin/java
02444000-02465000 rw-p 00000000 00:00 0                                  [heap]
a0000000-a2f80000 rw-p 00000000 00:00 0 
a2f80000-e0000000 ---p 00000000 00:00 0 
e0000000-e8d00000 rw-p 00000000 00:00 0 
ee800000-100000000 ---p 00000000 00:00 0 
100000000-100480000 rw-p 00000000 00:00 0 
100480000-140000000 ---p 00000000 00:00 0 
7ff494000000-7ff494021000 rw-p 00000000 00:00 0 
7ff494021000-7ff498000000 ---p 00000000 00:00 0 
7ff49c000000-7ff49c021000 rw-p 00000000 00:00 0 
7ff49c021000-7ff4a0000000 ---p 00000000 00:00 0 
7ff4a0000000-7ff4a0021000 rw-p 00000000 00:00 0 
7ff4a0021000-7ff4a4000000 ---p 00000000 00:00 0 
7ff4a4000000-7ff4a4021000 rw-p 00000000 00:00 0 
7ff4a4021000-7ff4a8000000 ---p 00000000 00:00 0 
7ff4a8000000-7ff4a8021000 rw-p 00000000 00:00 0 
7ff4a8021000-7ff4ac000000 ---p 00000000 00:00 0 
7ff4ac000000-7ff4ac021000 rw-p 00000000 00:00 0 
7ff4ac021000-7ff4b0000000 ---p 00000000 00:00 0 
7ff4b0000000-7ff4b0021000 rw-p 00000000 00:00 0 
7ff4b0021000-7ff4b4000000 ---p 00000000 00:00 0 
7ff4b4000000-7ff4b4021000 rw-p 00000000 00:00 0 
7ff4b4021000-7ff4b8000000 ---p 00000000 00:00 0 
7ff4b8000000-7ff4b811f000 rw-p 00000000 00:00 0 
7ff4b811f000-7ff4bc000000 ---p 00000000 00:00 0 
7ff4bc000000-7ff4bd0a2000 rw-p 00000000 00:00 0 
7ff4bd0a2000-7ff4c0000000 ---p 00000000 00:00 0 
7ff4c0000000-7ff4c0280000 rw-p 00000000 00:00 0 
7ff4c0280000-7ff4c4000000 ---p 00000000 00:00 0 
7ff4c4000000-7ff4c4031000 rw-p 00000000 00:00 0 
7ff4c4031000-7ff4c8000000 ---p 00000000 00:00 0 
7ff4c8000000-7ff4c8021000 rw-p 00000000 00:00 0 
7ff4c8021000-7ff4cc000000 ---p 00000000 00:00 0 
7ff4cc000000-7ff4cc021000 rw-p 00000000 00:00 0 
7ff4cc021000-7ff4d0000000 ---p 00000000 00:00 0 
7ff4d0000000-7ff4d0021000 rw-p 00000000 00:00 0 
7ff4d0021000-7ff4d4000000 ---p 00000000 00:00 0 
7ff4d4000000-7ff4d406e000 rw-p 00000000 00:00 0 
7ff4d406e000-7ff4d8000000 ---p 00000000 00:00 0 
7ff4d82f9000-7ff4d8304000 r--s 00081000 08:05 626381                     /home/ashindigo/.gradle/caches/jars-3/fc6e889a0f45cc9752787eb60f920103/trove4j-20160824.jar
7ff4d8304000-7ff4d8387000 r--s 00758000 08:05 626380                     /home/ashindigo/.gradle/caches/jars-3/b46ab84062ddfd52701cfe0a9718e764/intellij-core-26.0.1.jar
7ff4d8387000-7ff4d838d000 r--s 00033000 08:05 626379                     /home/ashindigo/.gradle/caches/jars-3/f96c897d327ea500d64fe3af2833bd50/commons-codec-1.6.jar
7ff4d838d000-7ff4d838f000 r--s 0000d000 08:05 626378                     /home/ashindigo/.gradle/caches/jars-3/ccc849edcf9fccd61ed937bf93ffe896/commons-logging-1.1.1.jar
7ff4d838f000-7ff4d8395000 r--s 00032000 08:05 626377                     /home/ashindigo/.gradle/caches/jars-3/72e344059d1923829968d0d38b0c3c72/httpcore-4.2.5.jar
7ff4d8395000-7ff4d8396000 r--s 00004000 08:05 626376                     /home/ashindigo/.gradle/caches/jars-3/3a4299d1ce3e273e7c03a9ccf5a1e333/annotations-12.0.jar
7ff4d8396000-7ff4d8397000 r--s 00000000 08:05 626375                     /home/ashindigo/.gradle/caches/jars-3/0e2fbc3b8c56d2975eca90c524790c13/animal-sniffer-annotations-1.14.jar
7ff4d8397000-7ff4d8399000 r--s 00001000 08:05 626374                     /home/ashindigo/.gradle/caches/jars-3/ad41f8f3ac67c0323ce9eb1c20c8dc3f/j2objc-annotations-1.1.jar
7ff4d8399000-7ff4d839a000 r--s 00002000 08:05 626373                     /home/ashindigo/.gradle/caches/jars-3/9edb0f46b907c34c4718edabde6c791c/error_prone_annotations-2.0.18.jar
7ff4d839a000-7ff4d839d000 r--s 00006000 08:05 626372                     /home/ashindigo/.gradle/caches/jars-3/b58a9bc3bbba42132e4abc0bacae8da1/jsr305-1.3.9.jar
7ff4d839d000-7ff4d839e000 r--s 0000a000 08:05 626371                     /home/ashindigo/.gradle/caches/jars-3/5b8b36ed61fe92731031cca3c9b3a0b3/kxml2-2.3.0.jar
7ff4d839e000-7ff4d83a0000 r--s 00005000 08:05 626370                     /home/ashindigo/.gradle/caches/jars-3/f10e1e1978816198f2eb1189c974b440/httpmime-4.1.jar
7ff4d83a0000-7ff4d83aa000 r--s 00061000 08:05 626369                     /home/ashindigo/.gradle/caches/jars-3/bc4b2527f35dc983f759e8f85f3f8d52/httpclient-4.2.6.jar
7ff4d83aa000-7ff4d83b3000 r--s 00064000 08:05 626368                     /home/ashindigo/.gradle/caches/jars-3/fc37c717528c2a0d27f3e3621835f781/commons-compress-1.12.jar
7ff4d83b3000-7ff4d83b8000 r--s 0002e000 08:05 626367                     /home/ashindigo/.gradle/caches/jars-3/c5bcda7f6f4809e9c92270f99e51f154/gson-2.3.jar
7ff4d83b8000-7ff4d83c8000 r--s 000d6000 08:05 626366                     /home/ashindigo/.gradle/caches/jars-3/dbdb8caed2514263a34702cc763c6785/proguard-base-5.3.3.jar
7ff4d83c8000-7ff4d83ca000 r--s 00003000 08:05 626365                     /home/ashindigo/.gradle/caches/jars-3/01ab8600ebbfdcaf9b89b45c2b992e82/annotations-13.0.jar
7ff4d83ca000-7ff4d83cb000 r--s 00001000 08:05 626364                     /home/ashindigo/.gradle/caches/jars-3/dccac9b7f67766e57200b1770178f61c/annotations-26.0.1.jar
7ff4d83cb000-7ff4d83ce000 r--s 00033000 08:05 626363                     /home/ashindigo/.gradle/caches/jars-3/0ce03714647bf7bd3c78634c20ddbf38/juniversalchardet-1.0.3.jar
7ff4d83ce000-7ff4d83d2000 r--s 0002a000 08:05 626362                     /home/ashindigo/.gradle/caches/jars-3/9849af6d4b0409ba64061601342f385d/commons-io-2.4.jar
7ff4d83d2000-7ff4d83e9000 r--s 00154000 08:05 626361                     /home/ashindigo/.gradle/caches/jars-3/57adf9abd30c921d4ea1dfdcfe7b9efd/antlr4-4.5.3.jar
7ff4d83e9000-7ff4d83ea000 r--s 00003000 08:05 626360                     /home/ashindigo/.gradle/caches/jars-3/54a15dd332fd4c2e246ad396835dc0d2/baseLibrary-3.0.1.jar
7ff4d83ea000-7ff4d841a000 r--s 00245000 08:05 626359                     /home/ashindigo/.gradle/caches/jars-3/8e27cdebb49ba2f804f9403d90aaaac5/guava-22.0.jar
7ff4d841a000-7ff4d8422000 r--s 000a8000 08:05 626358                     /home/ashindigo/.gradle/caches/jars-3/6cc57ce9ec0d90186f781694264d61bc/lombok-ast-0.2.3.jar
7ff4d8422000-7ff4d8426000 r--s 0002f000 08:05 626357                     /home/ashindigo/.gradle/caches/jars-3/505fcc8c47da308b2f1262f0ff3c65f1/jimfs-1.1.jar
7ff4d8426000-7ff4d8439000 r--s 00241000 08:05 626356                     /home/ashindigo/.gradle/caches/jars-3/d8dc71eb6d91c966c45f7b594129e14a/ecj-4.6.1.jar
7ff4d8439000-7ff4d843a000 r--s 00003000 08:05 626355                     /home/ashindigo/.gradle/caches/jars-3/fdb8f5ebd6a086c4818336712b830716/json-simple-1.1.jar
7ff4d843a000-7ff4d855f000 r--s 00f5d000 08:05 626354                     /home/ashindigo/.gradle/caches/jars-3/dfd566a90e18a0aa75879c33e0731ab8/fastutil-7.2.0.jar
7ff4d855f000-7ff4d85aa000 r--s 002ff000 08:05 626353                     /home/ashindigo/.gradle/caches/jars-3/d3d44e9a7fcb4a86fb40775c385dd3d0/bcprov-jdk15on-1.56.jar
7ff4d85aa000-7ff4d85bb000 r--s 00097000 08:05 626352                     /home/ashindigo/.gradle/caches/jars-3/59ebb77d99c5ca0e24bb23272e0329dd/bcpkix-jdk15on-1.56.jar
7ff4d85bb000-7ff4d85bd000 r--s 00002000 08:05 626351                     /home/ashindigo/.gradle/caches/jars-3/f268e5e8fc83bb846ac355d6a16b1f30/javawriter-2.5.0.jar
7ff4d85bd000-7ff4d85c2000 r--s 0003b000 08:05 626350                     /home/ashindigo/.gradle/caches/jars-3/91bf67441f6ac57ccbb374f99f9ed0fc/apksig-3.0.1.jar
7ff4d85c2000-7ff4d85c5000 r--s 00024000 08:05 626349                     /home/ashindigo/.gradle/caches/jars-3/04183dcd1bde85515b23d1bbd46ea9bc/common-26.0.1.jar
7ff4d85c5000-7ff4d85c7000 r--s 00006000 08:05 626348                     /home/ashindigo/.gradle/caches/jars-3/a0ea702af2bdb16dfa1a50969b155dea/dvlib-26.0.1.jar
7ff4d85c7000-7ff4d85ca000 r--s 00014000 08:05 626347                     /home/ashindigo/.gradle/caches/jars-3/6abb718b4b844aa0386163f0c2f6eb72/layoutlib-api-26.0.1.jar
7ff4d85ca000-7ff4d85cf000 r--s 0004d000 08:05 626346                     /home/ashindigo/.gradle/caches/jars-3/65a80584522712b8832b7c1c03186c4b/ddmlib-26.0.1.jar
7ff4d85cf000-7ff4d85d0000 r--s 00003000 08:05 626345                     /home/ashindigo/.gradle/caches/jars-3/af01854c900e4906a368ef59064a245d/builder-test-api-3.0.1.jar
7ff4d85d0000-7ff4d85d3000 r--s 00007000 08:05 626344                     /home/ashindigo/.gradle/caches/jars-3/124ec36ab4edce0919b54d1123daa364/builder-model-3.0.1.jar
7ff4d85d3000-7ff4d85e2000 r--s 00130000 08:05 626343                     /home/ashindigo/.gradle/caches/jars-3/72ba1443c6adcea1f6ba21e12f0bb0fc/protobuf-java-3.0.0.jar
7ff4d85e2000-7ff4d85f5000 r--s 001a8000 08:05 626342                     /home/ashindigo/.gradle/caches/jars-3/a1cbdfb97e256e71fcbd29dc4584a785/protos-26.0.1.jar
7ff4d85f5000-7ff4d85f6000 r--s 00005000 08:05 626341                     /home/ashindigo/.gradle/caches/jars-3/ca5180624b528b15325a5d002dbfbb6d/shared-26.0.1.jar
7ff4d85f6000-7ff4d85f8000 r--s 00004000 08:05 626340                     /home/ashindigo/.gradle/caches/jars-3/07f12c2b6f66ca8d4d6bd02e9c9b060a/tracker-26.0.1.jar
7ff4d85f8000-7ff4d85fa000 r--s 00002000 08:05 626339                     /home/ashindigo/.gradle/caches/jars-3/e91624d2ed1c3b55eec9fd768ed13c1d/proguard-gradle-5.3.3.jar
7ff4d85fa000-7ff4d85fc000 r--s 0000f000 08:05 626338                     /home/ashindigo/.gradle/caches/jars-3/96760c32d36a5d7066e3ccf088bfd362/jopt-simple-4.9.jar
7ff4d85fc000-7ff4d8600000 r--s 0001e000 08:05 626337                     /home/ashindigo/.gradle/caches/jars-3/0d3e95aba631209a078aeec58a76633d/org.jacoco.core-0.7.4.201502262128.jar
7ff4d8600000-7ff4d8603000 r--s 00020000 08:05 626336                     /home/ashindigo/.gradle/caches/jars-3/c72fc284d34f39eab57a4e3ba83405e9/org.jacoco.report-0.7.4.201502262128.jar
7ff4d8603000-7ff4d8605000 r--s 0000c000 08:05 626335                     /home/ashindigo/.gradle/caches/jars-3/9b0a36633c92c6e87e62c81734593183/asm-5.1.jar
7ff4d8605000-7ff4d8607000 r--s 00006000 08:05 626334                     /home/ashindigo/.gradle/caches/jars-3/50c8a7da333c41693b2b7ce95b6d9d89/asm-tree-5.1.jar
7ff4d8607000-7ff4d8608000 r--s 0000a000 08:05 626333                     /home/ashindigo/.gradle/caches/jars-3/c4f1f1d5a624f981d35a78d181e2c418/asm-util-5.1.jar
7ff4d8608000-7ff4d860a000 r--s 0000a000 08:05 626332                     /home/ashindigo/.gradle/caches/jars-3/d37aa405961c464c627b1efe5def81b8/asm-commons-5.1.jar
7ff4d860a000-7ff4d860b000 r--s 00004000 08:05 626331                     /home/ashindigo/.gradle/caches/jars-3/2b2689d10a4425b1cb2d0654db2ea088/asm-analysis-5.1.jar
7ff4d860b000-7ff4d860c000 r--s 00000000 08:05 626330                     /home/ashindigo/.gradle/caches/jars-3/5206138fb8a6b2ffbd31e140916c2100/transform-api-2.0.0-deprecated-use-gradle-api.jar
7ff4d860c000-7ff4d861b000 r--s 000c8000 08:05 626329                     /home/ashindigo/.gradle/caches/jars-3/af931fae44e009148423077fa09abbd1/kotlin-stdlib-1.1.3-2.jar
7ff4d861b000-7ff4d864d000 r--s 0021b000 08:05 626328                     /home/ashindigo/.gradle/caches/jars-3/24b2127528a18b338af82ff7ea236d45/kotlin-reflect-1.1.3-2.jar
7ff4d864d000-7ff4d8653000 r--s 00030000 08:05 626327                     /home/ashindigo/.gradle/caches/jars-3/90ec49f8b88710e2876aefe447609abb/repository-26.0.1.jar
7ff4d8653000-7ff4d865e000 r--s 0009b000 08:05 626326                     /home/ashindigo/.gradle/caches/jars-3/af771564c510a1c104220a8be892ab2d/sdklib-26.0.1.jar
7ff4d865e000-7ff4d866d000 r--s 000da000 08:05 626325                     /home/ashindigo/.gradle/caches/jars-3/50767da85151ce151711c301f4a0623c/sdk-common-26.0.1.jar
7ff4d866d000-7ff4d8671000 r--s 00023000 08:05 626324                     /home/ashindigo/.gradle/caches/jars-3/186e268c3a12c0a405d658dabf9d64d2/manifest-merger-26.0.1.jar
7ff4d8671000-7ff4d8680000 r--s 000cb000 08:05 626321                     /home/ashindigo/.gradle/caches/jars-3/e5c09abb4b0acf0785ecd8a8015ab959/uast-26.0.1.jar
7ff4d8680000-7ff4d8687000 r--s 0007f000 08:05 626320                     /home/ashindigo/.gradle/caches/jars-3/b1f5a73634581e955e7f89376aea2d48/lint-api-26.0.1.jar
7ff4d8687000-7ff4d86b7000 r--s 01983000 08:05 626317                     /home/ashindigo/.gradle/caches/jars-3/add7f1627b730db059119a8274a10c21/builder-3.0.1.jar
7ff4d86b7000-7ff4d8877000 rw-p 00000000 00:00 0 
7ff4d8877000-7ff4d88b7000 ---p 00000000 00:00 0 
7ff4d88b7000-7ff4d88ba000 ---p 00000000 00:00 0 
7ff4d88ba000-7ff4d89b8000 rw-p 00000000 00:00 0 
7ff4d89b8000-7ff4d89bb000 ---p 00000000 00:00 0 
7ff4d89bb000-7ff4d8ab9000 rw-p 00000000 00:00 0 
7ff4d8ab9000-7ff4d8abc000 ---p 00000000 00:00 0 
7ff4d8abc000-7ff4d8bba000 rw-p 00000000 00:00 0 
7ff4d8bba000-7ff4d8bbd000 ---p 00000000 00:00 0 
7ff4d8bbd000-7ff4d8ebb000 rw-p 00000000 00:00 0 
7ff4d8ebb000-7ff4d8ebe000 ---p 00000000 00:00 0 
7ff4d8ebe000-7ff4d91bc000 rw-p 00000000 00:00 0 
7ff4d91bc000-7ff4d93bc000 rw-p 00000000 00:00 0 
7ff4d93bc000-7ff4d95bc000 rw-p 00000000 00:00 0 
7ff4d95bc000-7ff4d97bc000 rw-p 00000000 00:00 0 
7ff4d97bc000-7ff4d97c0000 r--s 0002e000 08:05 626323                     /home/ashindigo/.gradle/caches/jars-3/c519ce7b2f3637e909703f541c08c445/compilerCommon-3.0.1.jar
7ff4d97c0000-7ff4d97c2000 r--s 00003000 08:05 626322                     /home/ashindigo/.gradle/caches/jars-3/34cfdbf6cad3f54cc2f45521bf0374e7/gradle-api-3.0.1.jar
7ff4d97c2000-7ff4d97cb000 r--s 000ff000 08:05 626319                     /home/ashindigo/.gradle/caches/jars-3/75e696a5531ca85e1fe447df83f74bd2/lint-checks-26.0.1.jar
7ff4d97cb000-7ff4d97ce000 r--s 00039000 08:05 626318                     /home/ashindigo/.gradle/caches/jars-3/7fa6c4fcdd1d81db4cc9c7439ce29486/lint-26.0.1.jar
7ff4d97ce000-7ff4d97f1000 r--s 0020b000 08:05 626316                     /home/ashindigo/.gradle/caches/jars-3/4adae2b762c8552c6e3aa2ded1493e4b/gradle-core-3.0.1.jar
7ff4d97f1000-7ff4d97f3000 r--s 0000f000 08:05 626315                     /home/ashindigo/.gradle/caches/jars-3/afd86a0d8507fd7f2e97461eaf9e4416/gradle-3.0.1.jar
7ff4d97f3000-7ff4d99f3000 rw-p 00000000 00:00 0 
7ff4d99f3000-7ff4d9b0e000 r--s 02008000 08:05 532706                     /home/ashindigo/.gradle/caches/jars-3/9955734f77abc673a38c7cd4c0214af5/android.jar
7ff4d9b0e000-7ff4d9b15000 r--s 0002a000 08:05 626211                     /home/ashindigo/.gradle/caches/jars-3/fff47aec37b967e571b648d1fc9c6db6/gradle-messaging-3.5.jar
7ff4d9b15000-7ff4d9b1a000 r--s 00041000 08:05 626210                     /home/ashindigo/.gradle/caches/jars-3/c0502f5c2cf6dfd52d250e1b7d027d24/commons-lang-2.6.jar
7ff4d9b1a000-7ff4d9b5c000 r--s 00220000 08:05 626209                     /home/ashindigo/.gradle/caches/jars-3/929747bc6b973b44297e9c57df71598d/gradle-core-3.5.jar
7ff4d9b5c000-7ff4d9b65000 r--s 00047000 08:05 626208                     /home/ashindigo/.gradle/caches/jars-3/11d06a5dce89fe5632250b7df00a3d57/gradle-base-services-3.5.jar
7ff4d9b65000-7ff4d9b8d000 r--s 001cf000 08:05 626207                     /home/ashindigo/.gradle/caches/jars-3/566e7e0f530f75a42eba4833ef84d88c/guava-jdk5-17.0.jar
7ff4d9b8d000-7ff4d9b9b000 r--s 00043000 08:05 626206                     /home/ashindigo/.gradle/caches/jars-3/c0d1da18a547ef3a2ba66d3068ae6e09/gradle-tooling-api-3.5.jar
7ff4d9b9b000-7ff4d9c14000 r--s 010fd000 08:05 1333271                    /opt/android-studio/jre/lib/tools.jar
7ff4d9c14000-7ff4d9c17000 ---p 00000000 00:00 0 
7ff4d9c17000-7ff4d9f15000 rw-p 00000000 00:00 0 
7ff4d9f15000-7ff4d9f18000 ---p 00000000 00:00 0 
7ff4d9f18000-7ff4da016000 rw-p 00000000 00:00 0 
7ff4da016000-7ff4da019000 ---p 00000000 00:00 0 
7ff4da019000-7ff4da317000 rw-p 00000000 00:00 0 
7ff4da317000-7ff4da31a000 ---p 00000000 00:00 0 
7ff4da31a000-7ff4da418000 rw-p 00000000 00:00 0 
7ff4da418000-7ff4da41b000 ---p 00000000 00:00 0 
7ff4da41b000-7ff4da519000 rw-p 00000000 00:00 0 
7ff4da519000-7ff4da51c000 ---p 00000000 00:00 0 
7ff4da51c000-7ff4da61a000 rw-p 00000000 00:00 0 
7ff4da61a000-7ff4da61d000 ---p 00000000 00:00 0 
7ff4da61d000-7ff4da71b000 rw-p 00000000 00:00 0 
7ff4da71b000-7ff4da71e000 ---p 00000000 00:00 0 
7ff4da71e000-7ff4da81c000 rw-p 00000000 00:00 0 
7ff4da81c000-7ff4da81f000 ---p 00000000 00:00 0 
7ff4da81f000-7ff4da91d000 rw-p 00000000 00:00 0 
7ff4da91d000-7ff4da920000 ---p 00000000 00:00 0 
7ff4da920000-7ff4daa1e000 rw-p 00000000 00:00 0 
7ff4daa1e000-7ff4daa21000 ---p 00000000 00:00 0 
7ff4daa21000-7ff4dab1f000 rw-p 00000000 00:00 0 
7ff4dab1f000-7ff4dab24000 r--s 0009a000 08:05 1606086                    /opt/android-studio/jre/jre/lib/jsse.jar
7ff4dab24000-7ff4dad24000 rw-p 00000000 00:00 0 
7ff4dad24000-7ff4dad2d000 r-xp 00000000 08:05 1606114                    /opt/android-studio/jre/jre/lib/amd64/libmanagement.so
7ff4dad2d000-7ff4daf2c000 ---p 00009000 08:05 1606114                    /opt/android-studio/jre/jre/lib/amd64/libmanagement.so
7ff4daf2c000-7ff4daf2d000 r--p 00008000 08:05 1606114                    /opt/android-studio/jre/jre/lib/amd64/libmanagement.so
7ff4daf2d000-7ff4daf2e000 rw-p 00009000 08:05 1606114                    /opt/android-studio/jre/jre/lib/amd64/libmanagement.so
7ff4daf2e000-7ff4daf30000 r--s 00007000 08:05 530708                     /home/ashindigo/.gradle/wrapper/dists/gradle-4.1-all/bzyivzo6n839fup2jbap0tjew/gradle-4.1/lib/plugins/gradle-tooling-api-builders-4.1.jar
7ff4daf30000-7ff4daf33000 r--s 00009000 08:05 530752                     /home/ashindigo/.gradle/wrapper/dists/gradle-4.1-all/bzyivzo6n839fup2jbap0tjew/gradle-4.1/lib/plugins/gradle-testing-native-4.1.jar
7ff4daf33000-7ff4daf35000 r--s 00009000 08:05 531194                     /home/ashindigo/.gradle/wrapper/dists/gradle-4.1-all/bzyivzo6n839fup2jbap0tjew/gradle-4.1/lib/plugins/hamcrest-core-1.3.jar
7ff4daf35000-7ff4daf3a000 r--s 00040000 08:05 531091                     /home/ashindigo/.gradle/wrapper/dists/gradle-4.1-all/bzyivzo6n839fup2jbap0tjew/gradle-4.1/lib/plugins/bsh-2.0b4.jar
7ff4daf3a000-7ff4daf3c000 r--s 00006000 08:05 531150                     /home/ashindigo/.gradle/wrapper/dists/gradle-4.1-all/bzyivzo6n839fup2jbap0tjew/gradle-4.1/lib/plugins/jcommander-1.12.jar
7ff4daf3c000-7ff4daf42000 r--s 00033000 08:05 531158                     /home/ashindigo/.gradle/wrapper/dists/gradle-4.1-all/bzyivzo6n839fup2jbap0tjew/gradle-4.1/lib/plugins/snakeyaml-1.6.jar
7ff4daf42000-7ff4daf4b000 r--s 00089000 08:05 530847                     /home/ashindigo/.gradle/wrapper/dists/gradle-4.1-all/bzyivzo6n839fup2jbap0tjew/gradle-4.1/lib/plugins/testng-6.3.1.jar
7ff4daf4b000-7ff4daf53000 r--s 00045000 08:05 530853                     /home/ashindigo/.gradle/wrapper/dists/gradle-4.1-all/bzyivzo6n839fup2jbap0tjew/gradle-4.1/lib/plugins/junit-4.12.jar
7ff4daf53000-7ff4daf59000 r--s 0002e000 08:05 530726                     /home/ashindigo/.gradle/wrapper/dists/gradle-4.1-all/bzyivzo6n839fup2jbap0tjew/gradle-4.1/lib/plugins/gradle-testing-jvm-4.1.jar
7ff4daf59000-7ff4daf5d000 r--s 00017000 08:05 530758                     /home/ashindigo/.gradle/wrapper/dists/gradle-4.1-all/bzyivzo6n839fup2jbap0tjew/gradle-4.1/lib/plugins/gradle-testing-base-4.1.jar
7ff4daf5d000-7ff4daf64000 r--s 00038000 08:05 530843                     /home/ashindigo/.gradle/wrapper/dists/gradle-4.1-all/bzyivzo6n839fup2jbap0tjew/gradle-4.1/lib/plugins/bcpg-jdk15on-1.51.jar
7ff4daf64000-7ff4daf66000 r--s 0000c000 08:05 530658                     /home/ashindigo/.gradle/wrapper/dists/gradle-4.1-all/bzyivzo6n839fup2jbap0tjew/gradle-4.1/lib/plugins/gradle-signing-4.1.jar
7ff4daf66000-7ff4daf68000 r--s 00007000 08:05 530666                     /home/ashindigo/.gradle/wrapper/dists/gradle-4.1-all/bzyivzo6n839fup2jbap0tjew/gradle-4.1/lib/plugins/gradle-scala-4.1.jar
7ff4daf68000-7ff4daf69000 r--s 00004000 08:05 530785                     /home/ashindigo/.gradle/wrapper/dists/gradle-4.1-all/bzyivzo6n839fup2jbap0tjew/gradle-4.1/lib/plugins/gradle-resources-sftp-4.1.jar
7ff4daf69000-7ff4daf79000 r--s 00088000 08:05 530869                     /home/ashindigo/.gradle/wrapper/dists/gradle-4.1-all/bzyivzo6n839fup2jbap0tjew/gradle-4.1/lib/plugins/joda-time-2.8.2.jar
7ff4daf79000-7ff4daf8a000 r--s 0010d000 08:05 530865                     /home/ashindigo/.gradle/wrapper/dists/gradle-4.1-all/bzyivzo6n839fup2jbap0tjew/gradle-4.1/lib/plugins/jackson-databind-2.6.6.jar
7ff4daf8a000-7ff4daf8d000 r--s 00009000 08:05 530864                     /home/ashindigo/.gradle/wrapper/dists/gradle-4.1-all/bzyivzo6n839fup2jbap0tjew/gradle-4.1/lib/plugins/jackson-annotations-2.6.6.jar
7ff4daf8d000-7ff4daf91000 r--s 0003c000 08:05 530863                     /home/ashindigo/.gradle/wrapper/dists/gradle-4.1-all/bzyivzo6n839fup2jbap0tjew/gradle-4.1/lib/plugins/jackson-core-2.6.6.jar
7ff4daf91000-7ff4daf9f000 r--s 00087000 08:05 530862                     /home/ashindigo/.gradle/wrapper/dists/gradle-4.1-all/bzyivzo6n839fup2jbap0tjew/gradle-4.1/lib/plugins/aws-java-sdk-core-1.11.6.jar
7ff4daf9f000-7ff4dafa6000 r--s 00057000 08:05 530861                     /home/ashindigo/.gradle/wrapper/dists/gradle-4.1-all/bzyivzo6n839fup2jbap0tjew/gradle-4.1/lib/plugins/aws-java-sdk-kms-1.11.6.jar
7ff4dafa6000-7ff4dafb3000 r--s 0008e000 08:05 530860                     /home/ashindigo/.gradle/wrapper/dists/gradle-4.1-all/bzyivzo6n839fup2jbap0tjew/gradle-4.1/lib/plugins/aws-java-sdk-s3-1.11.6.jar
7ff4dafb3000-7ff4dafb5000 r--s 00004000 08:05 530763                     /home/ashindigo/.gradle/wrapper/dists/gradle-4.1-all/bzyivzo6n839fup2jbap0tjew/gradle-4.1/lib/plugins/gradle-resources-s3-4.1.jar
7ff4dafb5000-7ff4dafb7000 r--s 00010000 08:05 530759                     /home/ashindigo/.gradle/wrapper/dists/gradle-4.1-all/bzyivzo6n839fup2jbap0tjew/gradle-4.1/lib/plugins/gradle-reporting-4.1.jar
7ff4dafb7000-7ff4dafb9000 r--s 00002000 08:05 530760                     /home/ashindigo/.gradle/wrapper/dists/gradle-4.1-all/bzyivzo6n839fup2jbap0tjew/gradle-4.1/lib/plugins/gradle-publish-4.1.jar
7ff4dafb9000-7ff4dafbb000 r--s 00009000 08:05 530819                     /home/ashindigo/.gradle/wrapper/dists/gradle-4.1-all/bzyivzo6n839fup2jbap0tjew/gradle-4.1/lib/plugins/commons-cli-1.2.jar
7ff4dafbb000-7ff4dafc1000 r--s 00036000 08:05 530695                     /home/ashindigo/.gradle/wrapper/dists/gradle-4.1-all/bzyivzo6n839fup2jbap0tjew/gradle-4.1/lib/plugins/gradle-plugins-4.1.jar
7ff4dafc1000-7ff4dafc3000 r--s 00009000 08:05 530659                     /home/ashindigo/.gradle/wrapper/dists/gradle-4.1-all/bzyivzo6n839fup2jbap0tjew/gradle-4.1/lib/plugins/gradle-plugin-development-4.1.jar
7ff4dafc3000-7ff4dafc9000 r--s 0002b000 08:05 530669                     /home/ashindigo/.gradle/wrapper/dists/gradle-4.1-all/bzyivzo6n839fup2jbap0tjew/gradle-4.1/lib/plugins/gradle-platform-play-4.1.jar
7ff4dafc9000-7ff4dafd8000 r--s 0005b000 08:05 530754                     /home/ashindigo/.gradle/wrapper/dists/gradle-4.1-all/bzyivzo6n839fup2jbap0tjew/gradle-4.1/lib/plugins/gradle-platform-native-4.1.jar
7ff4dafd8000-7ff4dafdc000 r--s 0001b000 08:05 530730                     /home/ashindigo/.gradle/wrapper/dists/gradle-4.1-all/bzyivzo6n839fup2jbap0tjew/gradle-4.1/lib/plugins/gradle-platform-jvm-4.1.jar
7ff4dafdc000-7ff4dafe4000 r--s 00027000 08:05 530761                     /home/ashindigo/.gradle/wrapper/dists/gradle-4.1-all/bzyivzo6n839fup2jbap0tjew/gradle-4.1/lib/plugins/gradle-platform-base-4.1.jar
7ff4dafe4000-7ff4db00c000 r--s 0021c000 08:05 530826                     /home/ashindigo/.gradle/wrapper/dists/gradle-4.1-all/bzyivzo6n839fup2jbap0tjew/gradle-4.1/lib/plugins/biz.aQute.bndlib-3.2.0.jar
7ff4db00c000-7ff4db00d000 r--s 00004000 08:05 530657                     /home/ashindigo/.gradle/wrapper/dists/gradle-4.1-all/bzyivzo6n839fup2jbap0tjew/gradle-4.1/lib/plugins/gradle-osgi-4.1.jar
7ff4db00d000-7ff4db010000 r--s 0000c000 08:05 530835                     /home/ashindigo/.gradle/wrapper/dists/gradle-4.1-all/bzyivzo6n839fup2jbap0tjew/gradle-4.1/lib/plugins/pmaven-groovy-0.8-20100325.jar
7ff4db010000-7ff4db011000 r--s 00004000 08:05 530833                     /home/ashindigo/.gradle/wrapper/dists/gradle-4.1-all/bzyivzo6n839fup2jbap0tjew/gradle-4.1/lib/plugins/pmaven-common-0.8-20100325.jar
7ff4db011000-7ff4db017000 r--s 00023000 08:05 530660                     /home/ashindigo/.gradle/wrapper/dists/gradle-4.1-all/bzyivzo6n839fup2jbap0tjew/gradle-4.1/lib/plugins/gradle-maven-4.1.jar
7ff4db017000-7ff4db01a000 r--s 0000b000 08:05 530725                     /home/ashindigo/.gradle/wrapper/dists/gradle-4.1-all/bzyivzo6n839fup2jbap0tjew/gradle-4.1/lib/plugins/gradle-language-scala-4.1.jar
7ff4db01a000-7ff4db021000 r--s 00020000 08:05 530753                     /home/ashindigo/.gradle/wrapper/dists/gradle-4.1-all/bzyivzo6n839fup2jbap0tjew/gradle-4.1/lib/plugins/gradle-language-native-4.1.jar
7ff4db021000-7ff4db023000 r--s 00005000 08:05 530728                     /home/ashindigo/.gradle/wrapper/dists/gradle-4.1-all/bzyivzo6n839fup2jbap0tjew/gradle-4.1/lib/plugins/gradle-language-jvm-4.1.jar
7ff4db023000-7ff4db02a000 r--s 0002f000 08:05 530727                     /home/ashindigo/.gradle/wrapper/dists/gradle-4.1-all/bzyivzo6n839fup2jbap0tjew/gradle-4.1/lib/plugins/gradle-language-java-4.1.jar
7ff4db02a000-7ff4db02d000 r--s 0000a000 08:05 530722                     /home/ashindigo/.gradle/wrapper/dists/gradle-4.1-all/bzyivzo6n839fup2jbap0tjew/gradle-4.1/lib/plugins/gradle-language-groovy-4.1.jar
7ff4db02d000-7ff4db034000 r--s 00035000 08:05 530846                     /home/ashindigo/.gradle/wrapper/dists/gradle-4.1-all/bzyivzo6n839fup2jbap0tjew/gradle-4.1/lib/plugins/simple-4.1.21.jar
7ff4db034000-7ff4db040000 r--s 00100000 08:05 530844                     /home/ashindigo/.gradle/wrapper/dists/gradle-4.1-all/bzyivzo6n839fup2jbap0tjew/gradle-4.1/lib/plugins/rhino-1.7R3.jar
7ff4db040000-7ff4db044000 r--s 00012000 08:05 530671                     /home/ashindigo/.gradle/wrapper/dists/gradle-4.1-all/bzyivzo6n839fup2jbap0tjew/gradle-4.1/lib/plugins/gradle-javascript-4.1.jar
7ff4db044000-7ff4db047000 r--s 00011000 08:05 530678                     /home/ashindigo/.gradle/wrapper/dists/gradle-4.1-all/bzyivzo6n839fup2jbap0tjew/gradle-4.1/lib/plugins/gradle-jacoco-4.1.jar
7ff4db047000-7ff4db04a000 r--s 0000e000 08:05 530673                     /home/ashindigo/.gradle/wrapper/dists/gradle-4.1-all/bzyivzo6n839fup2jbap0tjew/gradle-4.1/lib/plugins/gradle-ivy-4.1.jar
7ff4db04a000-7ff4db04b000 r--s 00002000 08:05 530661                     /home/ashindigo/.gradle/wrapper/dists/gradle-4.1-all/bzyivzo6n839fup2jbap0tjew/gradle-4.1/lib/plugins/gradle-ide-play-4.1.jar
7ff4db04b000-7ff4db04e000 r--s 00013000 08:05 530663                     /home/ashindigo/.gradle/wrapper/dists/gradle-4.1-all/bzyivzo6n839fup2jbap0tjew/gradle-4.1/lib/plugins/gradle-ide-native-4.1.jar
7ff4db04e000-7ff4db058000 r--s 00054000 08:05 530664                     /home/ashindigo/.gradle/wrapper/dists/gradle-4.1-all/bzyivzo6n839fup2jbap0tjew/gradle-4.1/lib/plugins/gradle-ide-4.1.jar
7ff4db058000-7ff4db05a000 r--s 00007000 08:05 530668                     /home/ashindigo/.gradle/wrapper/dists/gradle-4.1-all/bzyivzo6n839fup2jbap0tjew/gradle-4.1/lib/plugins/gradle-ear-4.1.jar
7ff4db05a000-7ff4db05c000 r--s 00005000 08:05 530805                     /home/ashindigo/.gradle/wrapper/dists/gradle-4.1-all/bzyivzo6n839fup2jbap0tjew/gradle-4.1/lib/plugins/jatl-0.2.2.jar
7ff4db05c000-7ff4db063000 r--s 00038000 08:05 530756                     /home/ashindigo/.gradle/wrapper/dists/gradle-4.1-all/bzyivzo6n839fup2jbap0tjew/gradle-4.1/lib/plugins/gradle-diagnostics-4.1.jar
7ff4db063000-7ff4db065000 r--s 0000b000 08:05 530712                     /home/ashindigo/.gradle/wrapper/dists/gradle-4.1-all/bzyivzo6n839fup2jbap0tjew/gradle-4.1/lib/plugins/gradle-composite-builds-4.1.jar
7ff4db065000-7ff4db06a000 r--s 00025000 08:05 530630                     /home/ashindigo/.gradle/wrapper/dists/gradle-4.1-all/bzyivzo6n839fup2jbap0tjew/gradle-4.1/lib/plugins/gradle-code-quality-4.1.jar
7ff4db06a000-7ff4db06f000 r--s 00022000 08:05 530694                     /home/ashindigo/.gradle/wrapper/dists/gradle-4.1-all/bzyivzo6n839fup2jbap0tjew/gradle-4.1/lib/plugins/gradle-build-init-4.1.jar
7ff4db06f000-7ff4db075000 r--s 0008e000 08:05 530667                     /home/ashindigo/.gradle/wrapper/dists/gradle-4.1-all/bzyivzo6n839fup2jbap0tjew/gradle-4.1/lib/plugins/gradle-build-comparison-4.1.jar
7ff4db075000-7ff4db076000 r--s 00002000 08:05 530764                     /home/ashindigo/.gradle/wrapper/dists/gradle-4.1-all/bzyivzo6n839fup2jbap0tjew/gradle-4.1/lib/plugins/gradle-build-cache-http-4.1.jar
7ff4db076000-7ff4db078000 r--s 00008000 08:05 530631                     /home/ashindigo/.gradle/wrapper/dists/gradle-4.1-all/bzyivzo6n839fup2jbap0tjew/gradle-4.1/lib/plugins/gradle-antlr-4.1.jar
7ff4db078000-7ff4db07a000 r--s 00004000 08:05 530720                     /home/ashindigo/.gradle/wrapper/dists/gradle-4.1-all/bzyivzo6n839fup2jbap0tjew/gradle-4.1/lib/plugins/gradle-announce-4.1.jar
7ff4db07a000-7ff4db07c000 r--s 00008000 08:05 527376                     /home/ashindigo/.gradle/wrapper/dists/gradle-4.1-all/bzyivzo6n839fup2jbap0tjew/gradle-4.1/lib/gradle-kotlin-dsl-tooling-builders-0.10.3.jar
7ff4db07c000-7ff4db07f000 r--s 0001c000 08:05 530855                     /home/ashindigo/.gradle/wrapper/dists/gradle-4.1-all/bzyivzo6n839fup2jbap0tjew/gradle-4.1/lib/plugins/nekohtml-1.9.14.jar
7ff4db07f000-7ff4db087000 r--s 00028000 08:05 531178                     /home/ashindigo/.gradle/wrapper/dists/gradle-4.1-all/bzyivzo6n839fup2jbap0tjew/gradle-4.1/lib/plugins/xml-apis-1.3.04.jar
7ff4db087000-7ff4db09f000 r--s 00115000 08:05 530856                     /home/ashindigo/.gradle/wrapper/dists/gradle-4.1-all/bzyivzo6n839fup2jbap0tjew/gradle-4.1/lib/plugins/xercesImpl-2.9.1.jar
7ff4db09f000-7ff4db0a5000 r--s 0005b000 08:05 530854                     /home/ashindigo/.gradle/wrapper/dists/gradle-4.1-all/bzyivzo6n839fup2jbap0tjew/gradle-4.1/lib/plugins/jcifs-1.3.17.jar
7ff4db0a5000-7ff4db0ac000 r--s 00049000 08:05 531177                     /home/ashindigo/.gradle/wrapper/dists/gradle-4.1-all/bzyivzo6n839fup2jbap0tjew/gradle-4.1/lib/plugins/httpcore-4.4.4.jar
7ff4db0ac000-7ff4db0b2000 r--s 00033000 08:05 530837                     /home/ashindigo/.gradle/wrapper/dists/gradle-4.1-all/bzyivzo6n839fup2jbap0tjew/gradle-4.1/lib/plugins/commons-codec-1.6.jar
7ff4db0b2000-7ff4db0bf000 r--s 000a4000 08:05 530816                     /home/ashindigo/.gradle/wrapper/dists/gradle-4.1-all/bzyivzo6n839fup2jbap0tjew/gradle-4.1/lib/plugins/httpclient-4.4.1.jar
7ff4db0bf000-7ff4db0c1000 r--s 0000b000 08:05 530765                     /home/ashindigo/.gradle/wrapper/dists/gradle-4.1-all/bzyivzo6n839fup2jbap0tjew/gradle-4.1/lib/plugins/gradle-resources-http-4.1.jar
7ff4db0c1000-7ff4db0c5000 r--s 00017000 08:05 530762                     /home/ashindigo/.gradle/wrapper/dists/gradle-4.1-all/bzyivzo6n839fup2jbap0tjew/gradle-4.1/lib/plugins/gradle-plugin-use-4.1.jar
7ff4db0c5000-7ff4db0c6000 r--s 00000000 08:05 527688                     /home/ashindigo/.gradle/wrapper/dists/gradle-4.1-all/bzyivzo6n839fup2jbap0tjew/gradle-4.1/lib/gradle-runtime-api-info-4.1.jar
7ff4db0c6000-7ff4db0c7000 r--s 00000000 08:05 527913                     /home/ashindigo/.gradle/wrapper/dists/gradle-4.1-all/bzyivzo6n839fup2jbap0tjew/gradle-4.1/lib/gradle-installation-beacon-4.1.jar
7ff4db0c7000-7ff4db107000 r--s 00277000 08:05 530872                     /home/ashindigo/.gradle/wrapper/dists/gradle-4.1-all/bzyivzo6n839fup2jbap0tjew/gradle-4.1/lib/plugins/bcprov-jdk15on-1.51.jar
7ff4db107000-7ff4db10b000 r--s 0001d000 08:05 530870                     /home/ashindigo/.gradle/wrapper/dists/gradle-4.1-all/bzyivzo6n839fup2jbap0tjew/gradle-4.1/lib/plugins/xbean-reflect-3.4.jar
7ff4db10b000-7ff4db10d000 r--s 0000a000 08:05 530877                     /home/ashindigo/.gradle/wrapper/dists/gradle-4.1-all/bzyivzo6n839fup2jbap0tjew/gradle-4.1/lib/plugins/maven-settings-3.0.4.jar
7ff4db10d000-7ff4db110000 r--s 00008000 08:05 530881                     /home/ashindigo/.gradle/wrapper/dists/gradle-4.1-all/bzyivzo6n839fup2jbap0tjew/gradle-4.1/lib/plugins/maven-settings-builder-3.0.4.jar
7ff4db110000-7ff4db114000 r--s 00033000 08:05 530883                     /home/ashindigo/.gradle/wrapper/dists/gradle-4.1-all/bzyivzo6n839fup2jbap0tjew/gradle-4.1/lib/plugins/plexus-utils-2.0.6.jar
7ff4db114000-7ff4db116000 r--s 0000d000 08:05 530887                     /home/ashindigo/.gradle/wrapper/dists/gradle-4.1-all/bzyivzo6n839fup2jbap0tjew/gradle-4.1/lib/plugins/plexus-interpolation-1.14.jar
7ff4db116000-7ff4db118000 r--s 00000000 08:05 530836                     /home/ashindigo/.gradle/wrapper/dists/gradle-4.1-all/bzyivzo6n839fup2jbap0tjew/gradle-4.1/lib/plugins/plexus-component-annotations-1.5.5.jar
7ff4db118000-7ff4db11f000 r--s 0002e000 08:05 530898                     /home/ashindigo/.gradle/wrapper/dists/gradle-4.1-all/bzyivzo6n839fup2jbap0tjew/gradle-4.1/lib/plugins/plexus-container-default-1.5.5.jar
7ff4db11f000-7ff4db121000 r--s 0000a000 08:05 530928                     /home/ashindigo/.gradle/wrapper/dists/gradle-4.1-all/bzyivzo6n839fup2jbap0tjew/gradle-4.1/lib/plugins/plexus-classworlds-2.4.jar
7ff4db121000-7ff4db123000 r--s 00002000 08:05 530933                     /home/ashindigo/.gradle/wrapper/dists/gradle-4.1-all/bzyivzo6n839fup2jbap0tjew/gradle-4.1/lib/plugins/plexus-cipher-1.7.jar
7ff4db123000-7ff4db124000 r--s 00006000 08:05 530944                     /home/ashindigo/.gradle/wrapper/dists/gradle-4.1-all/bzyivzo6n839fup2jbap0tjew/gradle-4.1/lib/plugins/plexus-sec-dispatcher-1.3.jar
7ff4db124000-7ff4db12a000 r--s 0003f000 08:05 530946                     /home/ashindigo/.gradle/wrapper/dists/gradle-4.1-all/bzyivzo6n839fup2jbap0tjew/gradle-4.1/lib/plugins/maven-compat-3.0.4.jar
7ff4db12a000-7ff4db12e000 r--s 00021000 08:05 530948                     /home/ashindigo/.gradle/wrapper/dists/gradle-4.1-all/bzyivzo6n839fup2jbap0tjew/gradle-4.1/lib/plugins/maven-model-builder-3.0.4.jar
7ff4db12e000-7ff4db130000 r--s 00026000 08:05 530949                     /home/ashindigo/.gradle/wrapper/dists/gradle-4.1-all/bzyivzo6n839fup2jbap0tjew/gradle-4.1/lib/plugins/maven-model-3.0.4.jar
7ff4db130000-7ff4db132000 r--s 0000b000 08:05 530962                     /home/ashindigo/.gradle/wrapper/dists/gradle-4.1-all/bzyivzo6n839fup2jbap0tjew/gradle-4.1/lib/plugins/maven-artifact-3.0.4.jar
7ff4db132000-7ff4db134000 r--s 00006000 08:05 530963                     /home/ashindigo/.gradle/wrapper/dists/gradle-4.1-all/bzyivzo6n839fup2jbap0tjew/gradle-4.1/lib/plugins/maven-repository-metadata-3.0.4.jar
7ff4db134000-7ff4db136000 r--s 0000b000 08:05 530969                     /home/ashindigo/.gradle/wrapper/dists/gradle-4.1-all/bzyivzo6n839fup2jbap0tjew/gradle-4.1/lib/plugins/maven-plugin-api-3.0.4.jar
7ff4db136000-7ff4db138000 r--s 0000c000 08:05 530981                     /home/ashindigo/.gradle/wrapper/dists/gradle-4.1-all/bzyivzo6n839fup2jbap0tjew/gradle-4.1/lib/plugins/maven-aether-provider-3.0.4.jar
7ff4db138000-7ff4db139000 r--s 00002000 08:05 530988                     /home/ashindigo/.gradle/wrapper/dists/gradle-4.1-all/bzyivzo6n839fup2jbap0tjew/gradle-4.1/lib/plugins/wagon-file-2.4.jar
7ff4db139000-7ff4db13a000 r--s 00002000 08:05 530990                     /home/ashindigo/.gradle/wrapper/dists/gradle-4.1-all/bzyivzo6n839fup2jbap0tjew/gradle-4.1/lib/plugins/wagon-http-2.4.jar
7ff4db13a000-7ff4db13c000 r--s 0000b000 08:05 530994                     /home/ashindigo/.gradle/wrapper/dists/gradle-4.1-all/bzyivzo6n839fup2jbap0tjew/gradle-4.1/lib/plugins/wagon-provider-api-2.4.jar
7ff4db13c000-7ff4db13d000 r--s 00007000 08:05 531000                     /home/ashindigo/.gradle/wrapper/dists/gradle-4.1-all/bzyivzo6n839fup2jbap0tjew/gradle-4.1/lib/plugins/wagon-http-shared4-2.4.jar
7ff4db13d000-7ff4db140000 r--s 00013000 08:05 531011                     /home/ashindigo/.gradle/wrapper/dists/gradle-4.1-all/bzyivzo6n839fup2jbap0tjew/gradle-4.1/lib/plugins/aether-api-1.13.1.jar
7ff4db140000-7ff4db143000 r--s 0001d000 08:05 531043                     /home/ashindigo/.gradle/wrapper/dists/gradle-4.1-all/bzyivzo6n839fup2jbap0tjew/gradle-4.1/lib/plugins/aether-impl-1.13.1.jar
7ff4db143000-7ff4db144000 r--s 00003000 08:05 531044                     /home/ashindigo/.gradle/wrapper/dists/gradle-4.1-all/bzyivzo6n839fup2jbap0tjew/gradle-4.1/lib/plugins/aether-spi-1.13.1.jar
7ff4db144000-7ff4db148000 r--s 0001c000 08:05 531068                     /home/ashindigo/.gradle/wrapper/dists/gradle-4.1-all/bzyivzo6n839fup2jbap0tjew/gradle-4.1/lib/plugins/aether-util-1.13.1.jar
7ff4db148000-7ff4db154000 r--s 0007d000 08:05 530828                     /home/ashindigo/.gradle/wrapper/dists/gradle-4.1-all/bzyivzo6n839fup2jbap0tjew/gradle-4.1/lib/plugins/maven-core-3.0.4.jar
7ff4db154000-7ff4db159000 r--s 00034000 08:05 530845                     /home/ashindigo/.gradle/wrapper/dists/gradle-4.1-all/bzyivzo6n839fup2jbap0tjew/gradle-4.1/lib/plugins/gson-2.7.jar
7ff4db159000-7ff4db15e000 r--s 00040000 08:05 530859                     /home/ashindigo/.gradle/wrapper/dists/gradle-4.1-all/bzyivzo6n839fup2jbap0tjew/gradle-4.1/lib/plugins/jsch-0.1.54.jar
7ff4db15e000-7ff4db174000 r-xp 00000000 08:05 687145                     /usr/lib/libgcc_s.so.1
7ff4db174000-7ff4db373000 ---p 00016000 08:05 687145                     /usr/lib/libgcc_s.so.1
7ff4db373000-7ff4db374000 r--p 00015000 08:05 687145                     /usr/lib/libgcc_s.so.1
7ff4db374000-7ff4db375000 rw-p 00016000 08:05 687145                     /usr/lib/libgcc_s.so.1
7ff4db375000-7ff4db4ec000 r-xp 00000000 08:05 660752                     /usr/lib/libstdc++.so.6.0.24
7ff4db4ec000-7ff4db6ec000 ---p 00177000 08:05 660752                     /usr/lib/libstdc++.so.6.0.24
7ff4db6ec000-7ff4db6f8000 r--p 00177000 08:05 660752                     /usr/lib/libstdc++.so.6.0.24
7ff4db6f8000-7ff4db6f9000 rw-p 00183000 08:05 660752                     /usr/lib/libstdc++.so.6.0.24
7ff4db6f9000-7ff4db6fc000 rw-p 00000000 00:00 0 
7ff4db6fc000-7ff4db6fe000 r--s 00006000 08:05 531088                     /home/ashindigo/.gradle/wrapper/dists/gradle-4.1-all/bzyivzo6n839fup2jbap0tjew/gradle-4.1/lib/plugins/aether-connector-wagon-1.13.1.jar
7ff4db6fe000-7ff4db70d000 r--s 000d9000 08:05 530858                     /home/ashindigo/.gradle/wrapper/dists/gradle-4.1-all/bzyivzo6n839fup2jbap0tjew/gradle-4.1/lib/plugins/ivy-2.2.0.jar
7ff4db70d000-7ff4db731000 r--s 0011a000 08:05 530804                     /home/ashindigo/.gradle/wrapper/dists/gradle-4.1-all/bzyivzo6n839fup2jbap0tjew/gradle-4.1/lib/plugins/gradle-dependency-management-4.1.jar
7ff4db731000-7ff4db734000 r--s 0000d000 08:05 530787                     /home/ashindigo/.gradle/wrapper/dists/gradle-4.1-all/bzyivzo6n839fup2jbap0tjew/gradle-4.1/lib/plugins/gradle-workers-4.1.jar
7ff4db734000-7ff4db739000 r-xp 00000000 08:05 626198                     /home/ashindigo/.gradle/native/25/linux-amd64/libnative-platform.so
7ff4db739000-7ff4db938000 ---p 00005000 08:05 626198                     /home/ashindigo/.gradle/native/25/linux-amd64/libnative-platform.so
7ff4db938000-7ff4db939000 rw-p 00004000 08:05 626198                     /home/ashindigo/.gradle/native/25/linux-amd64/libnative-platform.so
7ff4db939000-7ff4db94a000 r-xp 00000000 08:05 1606122                    /opt/android-studio/jre/jre/lib/amd64/libnio.so
7ff4db94a000-7ff4dbb49000 ---p 00011000 08:05 1606122                    /opt/android-studio/jre/jre/lib/amd64/libnio.so
7ff4dbb49000-7ff4dbb4a000 r--p 00010000 08:05 1606122                    /opt/android-studio/jre/jre/lib/amd64/libnio.so
7ff4dbb4a000-7ff4dbb4b000 rw-p 00011000 08:05 1606122                    /opt/android-studio/jre/jre/lib/amd64/libnio.so
7ff4dbb4b000-7ff4dbb61000 r-xp 00000000 08:05 1606120                    /opt/android-studio/jre/jre/lib/amd64/libnet.so
7ff4dbb61000-7ff4dbd61000 ---p 00016000 08:05 1606120                    /opt/android-studio/jre/jre/lib/amd64/libnet.so
7ff4dbd61000-7ff4dbd62000 r--p 00016000 08:05 1606120                    /opt/android-studio/jre/jre/lib/amd64/libnet.so
7ff4dbd62000-7ff4dbd63000 rw-p 00017000 08:05 1606120                    /opt/android-studio/jre/jre/lib/amd64/libnet.so
7ff4dbd63000-7ff4dbd64000 r--s 00006000 08:05 527906                     /home/ashindigo/.gradle/wrapper/dists/gradle-4.1-all/bzyivzo6n839fup2jbap0tjew/gradle-4.1/lib/gradle-wrapper-4.1.jar
7ff4dbd64000-7ff4dbd71000 r--s 00043000 08:05 527899                     /home/ashindigo/.gradle/wrapper/dists/gradle-4.1-all/bzyivzo6n839fup2jbap0tjew/gradle-4.1/lib/gradle-tooling-api-4.1.jar
7ff4dbd71000-7ff4dbd80000 r--s 000c8000 08:05 527408                     /home/ashindigo/.gradle/wrapper/dists/gradle-4.1-all/bzyivzo6n839fup2jbap0tjew/gradle-4.1/lib/kotlin-stdlib-1.1.3-2.jar
7ff4dbd80000-7ff4dbdb2000 r--s 0021b000 08:05 527394                     /home/ashindigo/.gradle/wrapper/dists/gradle-4.1-all/bzyivzo6n839fup2jbap0tjew/gradle-4.1/lib/kotlin-reflect-1.1.3-2.jar
7ff4dbdb2000-7ff4dbf69000 r--s 01786000 08:05 527393                     /home/ashindigo/.gradle/wrapper/dists/gradle-4.1-all/bzyivzo6n839fup2jbap0tjew/gradle-4.1/lib/kotlin-compiler-embeddable-1.1.3-2.jar
7ff4dbf69000-7ff4dbf6a000 r--s 00000000 08:05 527384                     /home/ashindigo/.gradle/wrapper/dists/gradle-4.1-all/bzyivzo6n839fup2jbap0tjew/gradle-4.1/lib/gradle-kotlin-dsl-tooling-models-0.10.3.jar
7ff4dbf6a000-7ff4dbf6b000 r--s 00001000 08:05 527362                     /home/ashindigo/.gradle/wrapper/dists/gradle-4.1-all/bzyivzo6n839fup2jbap0tjew/gradle-4.1/lib/gradle-kotlin-dsl-compiler-plugin-0.10.3.jar
7ff4dbf6b000-7ff4dbf6d000 r--s 00003000 08:05 527349                     /home/ashindigo/.gradle/wrapper/dists/gradle-4.1-all/bzyivzo6n839fup2jbap0tjew/gradle-4.1/lib/annotations-13.0.jar
7ff4dbf6d000-7ff4dbf77000 r--s 00073000 08:05 527355                     /home/ashindigo/.gradle/wrapper/dists/gradle-4.1-all/bzyivzo6n839fup2jbap0tjew/gradle-4.1/lib/gradle-kotlin-dsl-0.10.3.jar
7ff4dbf77000-7ff4dbf7c000 r--s 00013000 08:05 528007                     /home/ashindigo/.gradle/wrapper/dists/gradle-4.1-all/bzyivzo6n839fup2jbap0tjew/gradle-4.1/lib/gradle-resources-4.1.jar
7ff4dbf7c000-7ff4dbf7e000 r--s 00005000 08:05 528139                     /home/ashindigo/.gradle/wrapper/dists/gradle-4.1-all/bzyivzo6n839fup2jbap0tjew/gradle-4.1/lib/gradle-cli-4.1.jar
7ff4dbf7e000-7ff4dbf80000 r--s 00003000 08:05 530290                     /home/ashindigo/.gradle/wrapper/dists/gradle-4.1-all/bzyivzo6n839fup2jbap0tjew/gradle-4.1/lib/jcl-over-slf4j-1.7.10.jar
7ff4dbf80000-7ff4dbf90000 r--s 00082000 08:05 528049                     /home/ashindigo/.gradle/wrapper/dists/gradle-4.1-all/bzyivzo6n839fup2jbap0tjew/gradle-4.1/lib/gradle-model-core-4.1.jar
7ff4dbf90000-7ff4dc000000 r--s 00645000 08:05 530520                     /home/ashindigo/.gradle/wrapper/dists/gradle-4.1-all/bzyivzo6n839fup2jbap0tjew/gradle-4.1/lib/groovy-all-2.4.11.jar
7ff4dc000000-7ff4dc021000 rw-p 00000000 00:00 0 
7ff4dc021000-7ff4e0000000 ---p 00000000 00:00 0 
7ff4e0000000-7ff4e0021000 rw-p 00000000 00:00 0 
7ff4e0021000-7ff4e4000000 ---p 00000000 00:00 0 
7ff4e4000000-7ff4e5f5a000 rw-p 00000000 00:00 0 
7ff4e5f5a000-7ff4e8000000 ---p 00000000 00:00 0 
7ff4e8000000-7ff4e8dc7000 rw-p 00000000 00:00 0 
7ff4e8dc7000-7ff4ec000000 ---p 00000000 00:00 0 
7ff4ec000000-7ff4ec021000 rw-p 00000000 00:00 0 
7ff4ec021000-7ff4f0000000 ---p 00000000 00:00 0 
7ff4f0000000-7ff4f1864000 rw-p 00000000 00:00 0 
7ff4f1864000-7ff4f4000000 ---p 00000000 00:00 0 
7ff4f4000000-7ff4f4021000 rw-p 00000000 00:00 0 
7ff4f4021000-7ff4f8000000 ---p 00000000 00:00 0 
7ff4f8000000-7ff4f8021000 rw-p 00000000 00:00 0 
7ff4f8021000-7ff4fc000000 ---p 00000000 00:00 0 
7ff4fc000000-7ff4fc281000 rw-p 00000000 00:00 0 
7ff4fc281000-7ff500000000 ---p 00000000 00:00 0 
7ff500000000-7ff500001000 r--s 00005000 08:05 528306                     /home/ashindigo/.gradle/wrapper/dists/gradle-4.1-all/bzyivzo6n839fup2jbap0tjew/gradle-4.1/lib/log4j-over-slf4j-1.7.10.jar
7ff500001000-7ff500003000 r--s 00000000 08:05 528270                     /home/ashindigo/.gradle/wrapper/dists/gradle-4.1-all/bzyivzo6n839fup2jbap0tjew/gradle-4.1/lib/jul-to-slf4j-1.7.10.jar
7ff500003000-7ff50000a000 r--s 0002c000 08:05 527991                     /home/ashindigo/.gradle/wrapper/dists/gradle-4.1-all/bzyivzo6n839fup2jbap0tjew/gradle-4.1/lib/gradle-logging-4.1.jar
7ff50000a000-7ff50000c000 r--s 00006000 08:05 528061                     /home/ashindigo/.gradle/wrapper/dists/gradle-4.1-all/bzyivzo6n839fup2jbap0tjew/gradle-4.1/lib/gradle-base-services-groovy-4.1.jar
7ff50000c000-7ff50000e000 r--s 00007000 08:05 528022                     /home/ashindigo/.gradle/wrapper/dists/gradle-4.1-all/bzyivzo6n839fup2jbap0tjew/gradle-4.1/lib/gradle-model-groovy-4.1.jar
7ff50000e000-7ff50000f000 r--s 00002000 08:05 530560                     /home/ashindigo/.gradle/wrapper/dists/gradle-4.1-all/bzyivzo6n839fup2jbap0tjew/gradle-4.1/lib/gradle-docs-4.1.jar
7ff50000f000-7ff50001c000 r--s 00083000 08:05 530554                     /home/ashindigo/.gradle/wrapper/dists/gradle-4.1-all/bzyivzo6n839fup2jbap0tjew/gradle-4.1/lib/commons-collections-3.2.2.jar
7ff50001c000-7ff50001d000 r--s 00000000 08:05 530538                     /home/ashindigo/.gradle/wrapper/dists/gradle-4.1-all/bzyivzo6n839fup2jbap0tjew/gradle-4.1/lib/javax.inject-1.jar
7ff50001d000-7ff500020000 r--s 00023000 08:05 530573                     /home/ashindigo/.gradle/wrapper/dists/gradle-4.1-all/bzyivzo6n839fup2jbap0tjew/gradle-4.1/lib/jansi-1.14.jar
7ff500020000-7ff500021000 r--s 00004000 08:05 530590                     /home/ashindigo/.gradle/wrapper/dists/gradle-4.1-all/bzyivzo6n839fup2jbap0tjew/gradle-4.1/lib/native-platform-freebsd-amd64-libcpp-0.14.jar
7ff500021000-7ff500022000 r--s 00004000 08:05 530602                     /home/ashindigo/.gradle/wrapper/dists/gradle-4.1-all/bzyivzo6n839fup2jbap0tjew/gradle-4.1/lib/native-platform-freebsd-amd64-libstdcpp-0.14.jar
7ff500022000-7ff500023000 r--s 00004000 08:05 530603                     /home/ashindigo/.gradle/wrapper/dists/gradle-4.1-all/bzyivzo6n839fup2jbap0tjew/gradle-4.1/lib/native-platform-freebsd-i386-libcpp-0.14.jar
7ff500023000-7ff500024000 r--s 00003000 08:05 530604                     /home/ashindigo/.gradle/wrapper/dists/gradle-4.1-all/bzyivzo6n839fup2jbap0tjew/gradle-4.1/lib/native-platform-freebsd-i386-libstdcpp-0.14.jar
7ff500024000-7ff500025000 r--s 00002000 08:05 530605                     /home/ashindigo/.gradle/wrapper/dists/gradle-4.1-all/bzyivzo6n839fup2jbap0tjew/gradle-4.1/lib/native-platform-linux-amd64-0.14.jar
7ff500025000-7ff500026000 r--s 00002000 08:05 530606                     /home/ashindigo/.gradle/wrapper/dists/gradle-4.1-all/bzyivzo6n839fup2jbap0tjew/gradle-4.1/lib/native-platform-linux-i386-0.14.jar
7ff500026000-7ff500028000 r--s 00002000 08:05 530607                     /home/ashindigo/.gradle/wrapper/dists/gradle-4.1-all/bzyivzo6n839fup2jbap0tjew/gradle-4.1/lib/native-platform-osx-amd64-0.14.jar
7ff500028000-7ff500029000 r--s 00003000 08:05 530608                     /home/ashindigo/.gradle/wrapper/dists/gradle-4.1-all/bzyivzo6n839fup2jbap0tjew/gradle-4.1/lib/native-platform-osx-i386-0.14.jar
7ff500029000-7ff50002b000 r--s 0000b000 08:05 530609                     /home/ashindigo/.gradle/wrapper/dists/gradle-4.1-all/bzyivzo6n839fup2jbap0tjew/gradle-4.1/lib/native-platform-windows-amd64-0.14.jar
7ff50002b000-7ff50002f000 r--s 00012000 08:05 530555                     /home/ashindigo/.gradle/wrapper/dists/gradle-4.1-all/bzyivzo6n839fup2jbap0tjew/gradle-4.1/lib/native-platform-0.14.jar
7ff50002f000-7ff500057000 r--s 001cf000 08:05 530353                     /home/ashindigo/.gradle/wrapper/dists/gradle-4.1-all/bzyivzo6n839fup2jbap0tjew/gradle-4.1/lib/guava-jdk5-17.0.jar
7ff500057000-7ff500058000 ---p 00000000 00:00 0 
7ff500058000-7ff500158000 rw-p 00000000 00:00 0 
7ff500158000-7ff50015b000 ---p 00000000 00:00 0 
7ff50015b000-7ff500259000 rw-p 00000000 00:00 0 
7ff500259000-7ff50025c000 ---p 00000000 00:00 0 
7ff50025c000-7ff50035a000 rw-p 00000000 00:00 0 
7ff50035a000-7ff50035d000 ---p 00000000 00:00 0 
7ff50035d000-7ff50045b000 rw-p 00000000 00:00 0 
7ff50045b000-7ff50045e000 ---p 00000000 00:00 0 
7ff50045e000-7ff50055c000 rw-p 00000000 00:00 0 
7ff50055c000-7ff50055f000 ---p 00000000 00:00 0 
7ff50055f000-7ff50065d000 rw-p 00000000 00:00 0 
7ff50065d000-7ff5007f8000 r--p 00000000 08:05 676111                     /usr/lib/locale/locale-archive
7ff5007f8000-7ff5007fb000 ---p 00000000 00:00 0 
7ff5007fb000-7ff5008f9000 rw-p 00000000 00:00 0 
7ff5008f9000-7ff5008fc000 ---p 00000000 00:00 0 
7ff5008fc000-7ff5009fa000 rw-p 00000000 00:00 0 
7ff5009fa000-7ff5009fb000 ---p 00000000 00:00 0 
7ff5009fb000-7ff504000000 rw-p 00000000 00:00 0 
7ff504000000-7ff504024000 rw-p 00000000 00:00 0 
7ff504024000-7ff508000000 ---p 00000000 00:00 0 
7ff508000000-7ff508021000 rw-p 00000000 00:00 0 
7ff508021000-7ff50c000000 ---p 00000000 00:00 0 
7ff50c000000-7ff50c02a000 rw-p 00000000 00:00 0 
7ff50c02a000-7ff510000000 ---p 00000000 00:00 0 
7ff510000000-7ff510021000 rw-p 00000000 00:00 0 
7ff510021000-7ff514000000 ---p 00000000 00:00 0 
7ff514000000-7ff514001000 r--s 0000b000 08:05 530610                     /home/ashindigo/.gradle/wrapper/dists/gradle-4.1-all/bzyivzo6n839fup2jbap0tjew/gradle-4.1/lib/native-platform-windows-i386-0.14.jar
7ff514001000-7ff514002000 r--s 00001000 08:05 530611                     /home/ashindigo/.gradle/wrapper/dists/gradle-4.1-all/bzyivzo6n839fup2jbap0tjew/gradle-4.1/lib/native-platform-linux-amd64-ncurses5-0.14.jar
7ff514002000-7ff514003000 r--s 00001000 08:05 530614                     /home/ashindigo/.gradle/wrapper/dists/gradle-4.1-all/bzyivzo6n839fup2jbap0tjew/gradle-4.1/lib/native-platform-linux-amd64-ncurses6-0.14.jar
7ff514003000-7ff514006000 r--s 0000c000 08:05 528018                     /home/ashindigo/.gradle/wrapper/dists/gradle-4.1-all/bzyivzo6n839fup2jbap0tjew/gradle-4.1/lib/gradle-native-4.1.jar
7ff514006000-7ff514008000 r--s 0000f000 08:05 528180                     /home/ashindigo/.gradle/wrapper/dists/gradle-4.1-all/bzyivzo6n839fup2jbap0tjew/gradle-4.1/lib/reflectasm-1.07-shaded.jar
7ff514008000-7ff51400a000 r--s 00000000 08:05 530622                     /home/ashindigo/.gradle/wrapper/dists/gradle-4.1-all/bzyivzo6n839fup2jbap0tjew/gradle-4.1/lib/minlog-1.2.jar
7ff51400a000-7ff51400c000 r--s 00007000 08:05 530629                     /home/ashindigo/.gradle/wrapper/dists/gradle-4.1-all/bzyivzo6n839fup2jbap0tjew/gradle-4.1/lib/objenesis-1.2.jar
7ff51400c000-7ff51402b000 r--s 001d1000 08:05 530529                     /home/ashindigo/.gradle/wrapper/dists/gradle-4.1-all/bzyivzo6n839fup2jbap0tjew/gradle-4.1/lib/ant-1.9.6.jar
7ff51402b000-7ff514075000 r--s 00253000 08:05 527967                     /home/ashindigo/.gradle/wrapper/dists/gradle-4.1-all/bzyivzo6n839fup2jbap0tjew/gradle-4.1/lib/gradle-core-4.1.jar
7ff514075000-7ff515000000 rw-p 00000000 00:00 0 
7ff515000000-7ff515bc0000 rwxp 00000000 00:00 0 
7ff515bc0000-7ff524000000 ---p 00000000 00:00 0 
7ff524000000-7ff524dc0000 rw-p 00000000 00:00 0 
7ff524dc0000-7ff528000000 ---p 00000000 00:00 0 
7ff528000000-7ff528004000 r--s 00026000 08:05 528178                     /home/ashindigo/.gradle/wrapper/dists/gradle-4.1-all/bzyivzo6n839fup2jbap0tjew/gradle-4.1/lib/kryo-2.20.jar
7ff528004000-7ff52800a000 r--s 0002b000 08:05 528071                     /home/ashindigo/.gradle/wrapper/dists/gradle-4.1-all/bzyivzo6n839fup2jbap0tjew/gradle-4.1/lib/gradle-messaging-4.1.jar
7ff52800a000-7ff52800c000 r--s 00006000 08:05 527994                     /home/ashindigo/.gradle/wrapper/dists/gradle-4.1-all/bzyivzo6n839fup2jbap0tjew/gradle-4.1/lib/gradle-process-services-4.1.jar
7ff52800c000-7ff528011000 r--s 00041000 08:05 530451                     /home/ashindigo/.gradle/wrapper/dists/gradle-4.1-all/bzyivzo6n839fup2jbap0tjew/gradle-4.1/lib/commons-lang-2.6.jar
7ff528011000-7ff528362000 rw-p 00000000 00:00 0 
7ff528362000-7ff528532000 r--s 03c46000 08:05 1606105                    /opt/android-studio/jre/jre/lib/rt.jar
7ff528532000-7ff5288a8000 rw-p 00000000 00:00 0 
7ff5288a8000-7ff5288a9000 ---p 00000000 00:00 0 
7ff5288a9000-7ff5289a9000 rw-p 00000000 00:00 0 
7ff5289a9000-7ff5289aa000 ---p 00000000 00:00 0 
7ff5289aa000-7ff528aaa000 rw-p 00000000 00:00 0 
7ff528aaa000-7ff528aab000 ---p 00000000 00:00 0 
7ff528aab000-7ff528bab000 rw-p 00000000 00:00 0 
7ff528bab000-7ff528bac000 ---p 00000000 00:00 0 
7ff528bac000-7ff528cc4000 rw-p 00000000 00:00 0 
7ff528cc4000-7ff528eac000 ---p 00000000 00:00 0 
7ff528eac000-7ff528ec4000 rw-p 00000000 00:00 0 
7ff528ec4000-7ff5290ac000 ---p 00000000 00:00 0 
7ff5290ac000-7ff5290f3000 rw-p 00000000 00:00 0 
7ff5290f3000-7ff5291ac000 ---p 00000000 00:00 0 
7ff5291ac000-7ff5291dc000 rw-p 00000000 00:00 0 
7ff5291dc000-7ff52956d000 ---p 00000000 00:00 0 
7ff52956d000-7ff529587000 r-xp 00000000 08:05 1606139                    /opt/android-studio/jre/jre/lib/amd64/libzip.so
7ff529587000-7ff529787000 ---p 0001a000 08:05 1606139                    /opt/android-studio/jre/jre/lib/amd64/libzip.so
7ff529787000-7ff529788000 r--p 0001a000 08:05 1606139                    /opt/android-studio/jre/jre/lib/amd64/libzip.so
7ff529788000-7ff529789000 rw-p 0001b000 08:05 1606139                    /opt/android-studio/jre/jre/lib/amd64/libzip.so
7ff529789000-7ff529794000 r-xp 00000000 08:05 657671                     /usr/lib/libnss_files-2.26.so
7ff529794000-7ff529993000 ---p 0000b000 08:05 657671                     /usr/lib/libnss_files-2.26.so
7ff529993000-7ff529994000 r--p 0000a000 08:05 657671                     /usr/lib/libnss_files-2.26.so
7ff529994000-7ff529995000 rw-p 0000b000 08:05 657671                     /usr/lib/libnss_files-2.26.so
7ff529995000-7ff52999b000 rw-p 00000000 00:00 0 
7ff52999b000-7ff5299a6000 r-xp 00000000 08:05 657542                     /usr/lib/libnss_nis-2.26.so
7ff5299a6000-7ff529ba5000 ---p 0000b000 08:05 657542                     /usr/lib/libnss_nis-2.26.so
7ff529ba5000-7ff529ba6000 r--p 0000a000 08:05 657542                     /usr/lib/libnss_nis-2.26.so
7ff529ba6000-7ff529ba7000 rw-p 0000b000 08:05 657542                     /usr/lib/libnss_nis-2.26.so
7ff529ba7000-7ff529bbb000 r-xp 00000000 08:05 657438                     /usr/lib/libnsl-2.26.so
7ff529bbb000-7ff529dbb000 ---p 00014000 08:05 657438                     /usr/lib/libnsl-2.26.so
7ff529dbb000-7ff529dbc000 r--p 00014000 08:05 657438                     /usr/lib/libnsl-2.26.so
7ff529dbc000-7ff529dbd000 rw-p 00015000 08:05 657438                     /usr/lib/libnsl-2.26.so
7ff529dbd000-7ff529dbf000 rw-p 00000000 00:00 0 
7ff529dbf000-7ff529dc6000 r-xp 00000000 08:05 657837                     /usr/lib/libnss_compat-2.26.so
7ff529dc6000-7ff529fc5000 ---p 00007000 08:05 657837                     /usr/lib/libnss_compat-2.26.so
7ff529fc5000-7ff529fc6000 r--p 00006000 08:05 657837                     /usr/lib/libnss_compat-2.26.so
7ff529fc6000-7ff529fc7000 rw-p 00007000 08:05 657837                     /usr/lib/libnss_compat-2.26.so
7ff529fc7000-7ff529ff4000 r-xp 00000000 08:05 1606140                    /opt/android-studio/jre/jre/lib/amd64/libjava.so
7ff529ff4000-7ff52a1f3000 ---p 0002d000 08:05 1606140                    /opt/android-studio/jre/jre/lib/amd64/libjava.so
7ff52a1f3000-7ff52a1f4000 r--p 0002c000 08:05 1606140                    /opt/android-studio/jre/jre/lib/amd64/libjava.so
7ff52a1f4000-7ff52a1f6000 rw-p 0002d000 08:05 1606140                    /opt/android-studio/jre/jre/lib/amd64/libjava.so
7ff52a1f6000-7ff52a206000 r-xp 00000000 08:05 1606134                    /opt/android-studio/jre/jre/lib/amd64/libverify.so
7ff52a206000-7ff52a405000 ---p 00010000 08:05 1606134                    /opt/android-studio/jre/jre/lib/amd64/libverify.so
7ff52a405000-7ff52a407000 r--p 0000f000 08:05 1606134                    /opt/android-studio/jre/jre/lib/amd64/libverify.so
7ff52a407000-7ff52a408000 rw-p 00011000 08:05 1606134                    /opt/android-studio/jre/jre/lib/amd64/libverify.so
7ff52a408000-7ff52a40f000 r-xp 00000000 08:05 657435                     /usr/lib/librt-2.26.so
7ff52a40f000-7ff52a60e000 ---p 00007000 08:05 657435                     /usr/lib/librt-2.26.so
7ff52a60e000-7ff52a60f000 r--p 00006000 08:05 657435                     /usr/lib/librt-2.26.so
7ff52a60f000-7ff52a610000 rw-p 00007000 08:05 657435                     /usr/lib/librt-2.26.so
7ff52a610000-7ff52a75b000 r-xp 00000000 08:05 657474                     /usr/lib/libm-2.26.so
7ff52a75b000-7ff52a95a000 ---p 0014b000 08:05 657474                     /usr/lib/libm-2.26.so
7ff52a95a000-7ff52a95b000 r--p 0014a000 08:05 657474                     /usr/lib/libm-2.26.so
7ff52a95b000-7ff52a95c000 rw-p 0014b000 08:05 657474                     /usr/lib/libm-2.26.so
7ff52a95c000-7ff52b554000 r-xp 00000000 08:05 1847754                    /opt/android-studio/jre/jre/lib/amd64/server/libjvm.so
7ff52b554000-7ff52b754000 ---p 00bf8000 08:05 1847754                    /opt/android-studio/jre/jre/lib/amd64/server/libjvm.so
7ff52b754000-7ff52b7f3000 r--p 00bf8000 08:05 1847754                    /opt/android-studio/jre/jre/lib/amd64/server/libjvm.so
7ff52b7f3000-7ff52b81c000 rw-p 00c97000 08:05 1847754                    /opt/android-studio/jre/jre/lib/amd64/server/libjvm.so
7ff52b81c000-7ff52b860000 rw-p 00000000 00:00 0 
7ff52b860000-7ff52b879000 r-xp 00000000 08:05 658268                     /usr/lib/libpthread-2.26.so
7ff52b879000-7ff52ba78000 ---p 00019000 08:05 658268                     /usr/lib/libpthread-2.26.so
7ff52ba78000-7ff52ba79000 r--p 00018000 08:05 658268                     /usr/lib/libpthread-2.26.so
7ff52ba79000-7ff52ba7a000 rw-p 00019000 08:05 658268                     /usr/lib/libpthread-2.26.so
7ff52ba7a000-7ff52ba7e000 rw-p 00000000 00:00 0 
7ff52ba7e000-7ff52ba81000 r-xp 00000000 08:05 657486                     /usr/lib/libdl-2.26.so
7ff52ba81000-7ff52bc80000 ---p 00003000 08:05 657486                     /usr/lib/libdl-2.26.so
7ff52bc80000-7ff52bc81000 r--p 00002000 08:05 657486                     /usr/lib/libdl-2.26.so
7ff52bc81000-7ff52bc82000 rw-p 00003000 08:05 657486                     /usr/lib/libdl-2.26.so
7ff52bc82000-7ff52be30000 r-xp 00000000 08:05 658196                     /usr/lib/libc-2.26.so
7ff52be30000-7ff52c030000 ---p 001ae000 08:05 658196                     /usr/lib/libc-2.26.so
7ff52c030000-7ff52c034000 r--p 001ae000 08:05 658196                     /usr/lib/libc-2.26.so
7ff52c034000-7ff52c036000 rw-p 001b2000 08:05 658196                     /usr/lib/libc-2.26.so
7ff52c036000-7ff52c03a000 rw-p 00000000 00:00 0 
7ff52c03a000-7ff52c050000 r-xp 00000000 08:05 1606067                    /opt/android-studio/jre/lib/amd64/jli/libjli.so
7ff52c050000-7ff52c24f000 ---p 00016000 08:05 1606067                    /opt/android-studio/jre/lib/amd64/jli/libjli.so
7ff52c24f000-7ff52c250000 r--p 00015000 08:05 1606067                    /opt/android-studio/jre/lib/amd64/jli/libjli.so
7ff52c250000-7ff52c251000 rw-p 00016000 08:05 1606067                    /opt/android-studio/jre/lib/amd64/jli/libjli.so
7ff52c251000-7ff52c276000 r-xp 00000000 08:05 658197                     /usr/lib/ld-2.26.so
7ff52c276000-7ff52c277000 r--s 00001000 08:05 530617                     /home/ashindigo/.gradle/wrapper/dists/gradle-4.1-all/bzyivzo6n839fup2jbap0tjew/gradle-4.1/lib/native-platform-linux-i386-ncurses5-0.14.jar
7ff52c277000-7ff52c279000 r--s 00000000 08:05 527979                     /home/ashindigo/.gradle/wrapper/dists/gradle-4.1-all/bzyivzo6n839fup2jbap0tjew/gradle-4.1/lib/gradle-jvm-services-4.1.jar
7ff52c279000-7ff52c27c000 r--s 00006000 08:05 530436                     /home/ashindigo/.gradle/wrapper/dists/gradle-4.1-all/bzyivzo6n839fup2jbap0tjew/gradle-4.1/lib/jsr305-1.3.9.jar
7ff52c27c000-7ff52c280000 r--s 00027000 08:05 528201                     /home/ashindigo/.gradle/wrapper/dists/gradle-4.1-all/bzyivzo6n839fup2jbap0tjew/gradle-4.1/lib/commons-io-2.2.jar
7ff52c280000-7ff52c288000 r--s 000bd000 08:05 528193                     /home/ashindigo/.gradle/wrapper/dists/gradle-4.1-all/bzyivzo6n839fup2jbap0tjew/gradle-4.1/lib/asm-debug-all-6.0_ALPHA.jar
7ff52c288000-7ff52c294000 r--s 00053000 08:05 528089                     /home/ashindigo/.gradle/wrapper/dists/gradle-4.1-all/bzyivzo6n839fup2jbap0tjew/gradle-4.1/lib/gradle-base-services-4.1.jar
7ff52c294000-7ff52c338000 rw-p 00000000 00:00 0 
7ff52c338000-7ff52c33b000 ---p 00000000 00:00 0 
7ff52c33b000-7ff52c43b000 rw-p 00000000 00:00 0 
7ff52c43b000-7ff52c43c000 r--s 00001000 08:05 530621                     /home/ashindigo/.gradle/wrapper/dists/gradle-4.1-all/bzyivzo6n839fup2jbap0tjew/gradle-4.1/lib/native-platform-linux-i386-ncurses6-0.14.jar
7ff52c43c000-7ff52c43d000 r--s 00000000 08:05 530462                     /home/ashindigo/.gradle/wrapper/dists/gradle-4.1-all/bzyivzo6n839fup2jbap0tjew/gradle-4.1/lib/jcip-annotations-1.0.jar
7ff52c43d000-7ff52c43e000 r--s 00007000 08:05 530291                     /home/ashindigo/.gradle/wrapper/dists/gradle-4.1-all/bzyivzo6n839fup2jbap0tjew/gradle-4.1/lib/slf4j-api-1.7.10.jar
7ff52c43e000-7ff52c43f000 r--s 00004000 08:05 530579                     /home/ashindigo/.gradle/wrapper/dists/gradle-4.1-all/bzyivzo6n839fup2jbap0tjew/gradle-4.1/lib/ant-launcher-1.9.6.jar
7ff52c43f000-7ff52c44b000 r--s 0005c000 08:05 527604                     /home/ashindigo/.gradle/wrapper/dists/gradle-4.1-all/bzyivzo6n839fup2jbap0tjew/gradle-4.1/lib/gradle-launcher-4.1.jar
7ff52c44b000-7ff52c469000 rw-p 00000000 00:00 0 
7ff52c469000-7ff52c471000 rw-s 00000000 00:27 843833                     /tmp/hsperfdata_ashindigo/19669
7ff52c471000-7ff52c472000 rw-p 00000000 00:00 0 
7ff52c472000-7ff52c473000 ---p 00000000 00:00 0 
7ff52c473000-7ff52c475000 rw-p 00000000 00:00 0 
7ff52c475000-7ff52c476000 r--p 00024000 08:05 658197                     /usr/lib/ld-2.26.so
7ff52c476000-7ff52c477000 rw-p 00025000 08:05 658197                     /usr/lib/ld-2.26.so
7ff52c477000-7ff52c478000 rw-p 00000000 00:00 0 
7ffc02abb000-7ffc02adc000 rw-p 00000000 00:00 0                          [stack]
7ffc02b1d000-7ffc02b20000 r--p 00000000 00:00 0                          [vvar]
7ffc02b20000-7ffc02b22000 r-xp 00000000 00:00 0                          [vdso]
ffffffffff600000-ffffffffff601000 r-xp 00000000 00:00 0                  [vsyscall]

VM Arguments:
jvm_args: -Xmx1536m -Dfile.encoding=UTF-8 -Duser.country=US -Duser.language=en -Duser.variant 
java_command: org.gradle.launcher.daemon.bootstrap.GradleDaemon 4.1
java_class_path (initial): /home/ashindigo/.gradle/wrapper/dists/gradle-4.1-all/bzyivzo6n839fup2jbap0tjew/gradle-4.1/lib/gradle-launcher-4.1.jar
Launcher Type: SUN_STANDARD

Environment Variables:
PATH=/usr/local/sbin:/usr/local/bin:/usr/bin:/usr/lib/jvm/default/bin:/usr/bin/site_perl:/usr/bin/vendor_perl:/usr/bin/core_perl
LD_LIBRARY_PATH=/opt/android-studio/bin:
SHELL=/bin/bash
DISPLAY=:0

Signal Handlers:
SIGSEGV: [libjvm.so+0x9ebc60], sa_mask[0]=11111111011111111101111111111110, sa_flags=SA_RESTART|SA_SIGINFO
SIGBUS: [libjvm.so+0x9ebc60], sa_mask[0]=11111111011111111101111111111110, sa_flags=SA_RESTART|SA_SIGINFO
SIGFPE: [libjvm.so+0x84cf60], sa_mask[0]=11111111011111111101111111111110, sa_flags=SA_RESTART|SA_SIGINFO
SIGPIPE: [libjvm.so+0x84cf60], sa_mask[0]=11111111011111111101111111111110, sa_flags=SA_RESTART|SA_SIGINFO
SIGXFSZ: [libjvm.so+0x84cf60], sa_mask[0]=11111111011111111101111111111110, sa_flags=SA_RESTART|SA_SIGINFO
SIGILL: [libjvm.so+0x84cf60], sa_mask[0]=11111111011111111101111111111110, sa_flags=SA_RESTART|SA_SIGINFO
SIGUSR1: SIG_DFL, sa_mask[0]=00000000000000000000000000000000, sa_flags=none
SIGUSR2: [libjvm.so+0x84ce30], sa_mask[0]=00100000000000000000000000000000, sa_flags=SA_RESTART|SA_SIGINFO
SIGHUP: [libjvm.so+0x84d020], sa_mask[0]=11111111011111111101111111111110, sa_flags=SA_RESTART|SA_SIGINFO
SIGINT: [libjvm.so+0x84d020], sa_mask[0]=11111111011111111101111111111110, sa_flags=SA_RESTART|SA_SIGINFO
SIGTERM: [libjvm.so+0x84d020], sa_mask[0]=11111111011111111101111111111110, sa_flags=SA_RESTART|SA_SIGINFO
SIGQUIT: [libjvm.so+0x84d020], sa_mask[0]=11111111011111111101111111111110, sa_flags=SA_RESTART|SA_SIGINFO


---------------  S Y S T E M  ---------------

OS:DISTRIB_ID=ManjaroLinux
DISTRIB_RELEASE=17.1pre3
DISTRIB_CODENAME=Hakoila
DISTRIB_DESCRIPTION="Manjaro Linux"

uname:Linux 4.14.2-1-MANJARO #1 SMP PREEMPT Fri Nov 24 11:15:23 UTC 2017 x86_64
libc:glibc 2.26 NPTL 2.26 
rlimit: STACK 8192k, CORE infinity, NPROC 31321, NOFILE 4096, AS infinity
load average:22.65 7.25 3.27

/proc/meminfo:
MemTotal:        8070808 kB
MemFree:          107496 kB
MemAvailable:      21056 kB
Buffers:             388 kB
Cached:          2127812 kB
SwapCached:            0 kB
Active:          5936716 kB
Inactive:        1560224 kB
Active(anon):    5933008 kB
Inactive(anon):  1553232 kB
Active(file):       3708 kB
Inactive(file):     6992 kB
Unevictable:           0 kB
Mlocked:               0 kB
SwapTotal:             0 kB
SwapFree:              0 kB
Dirty:                16 kB
Writeback:             0 kB
AnonPages:       5368688 kB
Mapped:           392404 kB
Shmem:           2117552 kB
Slab:             218072 kB
SReclaimable:      96972 kB
SUnreclaim:       121100 kB
KernelStack:       21536 kB
PageTables:       113144 kB
NFS_Unstable:          0 kB
Bounce:                0 kB
WritebackTmp:          0 kB
CommitLimit:     4035404 kB
Committed_AS:   20580196 kB
VmallocTotal:   34359738367 kB
VmallocUsed:           0 kB
VmallocChunk:          0 kB
HardwareCorrupted:     0 kB
AnonHugePages:    751616 kB
ShmemHugePages:        0 kB
ShmemPmdMapped:        0 kB
HugePages_Total:       0
HugePages_Free:        0
HugePages_Rsvd:        0
HugePages_Surp:        0
Hugepagesize:       2048 kB
DirectMap4k:      410284 kB
DirectMap2M:     6823936 kB
DirectMap1G:     1048576 kB


CPU:total 4 (initial active 4) (2 cores per cpu, 2 threads per core) family 6 model 78 stepping 3, cmov, cx8, fxsr, mmx, sse, sse2, sse3, ssse3, sse4.1, sse4.2, popcnt, avx, avx2, aes, clmul, erms, 3dnowpref, lzcnt, ht, tsc, tscinvbit, bmi1, bmi2, adx

/proc/cpuinfo:
processor	: 0
vendor_id	: GenuineIntel
cpu family	: 6
model		: 78
model name	: Intel(R) Core(TM) i7-6500U CPU @ 2.50GHz
stepping	: 3
microcode	: 0xba
cpu MHz		: 2600.000
cache size	: 4096 KB
physical id	: 0
siblings	: 4
core id		: 0
cpu cores	: 2
apicid		: 0
initial apicid	: 0
fpu		: yes
fpu_exception	: yes
cpuid level	: 22
wp		: yes
flags		: fpu vme de pse tsc msr pae mce cx8 apic sep mtrr pge mca cmov pat pse36 clflush dts acpi mmx fxsr sse sse2 ss ht tm pbe syscall nx pdpe1gb rdtscp lm constant_tsc art arch_perfmon pebs bts rep_good nopl xtopology nonstop_tsc cpuid aperfmperf tsc_known_freq pni pclmulqdq dtes64 monitor ds_cpl vmx est tm2 ssse3 sdbg fma cx16 xtpr pdcm pcid sse4_1 sse4_2 x2apic movbe popcnt tsc_deadline_timer aes xsave avx f16c rdrand lahf_lm abm 3dnowprefetch cpuid_fault epb intel_pt tpr_shadow vnmi flexpriority ept vpid fsgsbase tsc_adjust bmi1 avx2 smep bmi2 erms invpcid mpx rdseed adx smap clflushopt xsaveopt xsavec xgetbv1 xsaves dtherm ida arat pln pts hwp hwp_notify hwp_act_window hwp_epp
bugs		:
bogomips	: 5186.00
clflush size	: 64
cache_alignment	: 64
address sizes	: 39 bits physical, 48 bits virtual
power management:

processor	: 1
vendor_id	: GenuineIntel
cpu family	: 6
model		: 78
model name	: Intel(R) Core(TM) i7-6500U CPU @ 2.50GHz
stepping	: 3
microcode	: 0xba
cpu MHz		: 2600.000
cache size	: 4096 KB
physical id	: 0
siblings	: 4
core id		: 1
cpu cores	: 2
apicid		: 2
initial apicid	: 2
fpu		: yes
fpu_exception	: yes
cpuid level	: 22
wp		: yes
flags		: fpu vme de pse tsc msr pae mce cx8 apic sep mtrr pge mca cmov pat pse36 clflush dts acpi mmx fxsr sse sse2 ss ht tm pbe syscall nx pdpe1gb rdtscp lm constant_tsc art arch_perfmon pebs bts rep_good nopl xtopology nonstop_tsc cpuid aperfmperf tsc_known_freq pni pclmulqdq dtes64 monitor ds_cpl vmx est tm2 ssse3 sdbg fma cx16 xtpr pdcm pcid sse4_1 sse4_2 x2apic movbe popcnt tsc_deadline_timer aes xsave avx f16c rdrand lahf_lm abm 3dnowprefetch cpuid_fault epb intel_pt tpr_shadow vnmi flexpriority ept vpid fsgsbase tsc_adjust bmi1 avx2 smep bmi2 erms invpcid mpx rdseed adx smap clflushopt xsaveopt xsavec xgetbv1 xsaves dtherm ida arat pln pts hwp hwp_notify hwp_act_window hwp_epp
bugs		:
bogomips	: 5186.00
clflush size	: 64
cache_alignment	: 64
address sizes	: 39 bits physical, 48 bits virtual
power management:

processor	: 2
vendor_id	: GenuineIntel
cpu family	: 6
model		: 78
model name	: Intel(R) Core(TM) i7-6500U CPU @ 2.50GHz
stepping	: 3
microcode	: 0xba
cpu MHz		: 2600.000
cache size	: 4096 KB
physical id	: 0
siblings	: 4
core id		: 0
cpu cores	: 2
apicid		: 1
initial apicid	: 1
fpu		: yes
fpu_exception	: yes
cpuid level	: 22
wp		: yes
flags		: fpu vme de pse tsc msr pae mce cx8 apic sep mtrr pge mca cmov pat pse36 clflush dts acpi mmx fxsr sse sse2 ss ht tm pbe syscall nx pdpe1gb rdtscp lm constant_tsc art arch_perfmon pebs bts rep_good nopl xtopology nonstop_tsc cpuid aperfmperf tsc_known_freq pni pclmulqdq dtes64 monitor ds_cpl vmx est tm2 ssse3 sdbg fma cx16 xtpr pdcm pcid sse4_1 sse4_2 x2apic movbe popcnt tsc_deadline_timer aes xsave avx f16c rdrand lahf_lm abm 3dnowprefetch cpuid_fault epb intel_pt tpr_shadow vnmi flexpriority ept vpid fsgsbase tsc_adjust bmi1 avx2 smep bmi2 erms invpcid mpx rdseed adx smap clflushopt xsaveopt xsavec xgetbv1 xsaves dtherm ida arat pln pts hwp hwp_notify hwp_act_window hwp_epp
bugs		:
bogomips	: 5186.00
clflush size	: 64
cache_alignment	: 64
address sizes	: 39 bits physical, 48 bits virtual
power management:

processor	: 3
vendor_id	: GenuineIntel
cpu family	: 6
model		: 78
model name	: Intel(R) Core(TM) i7-6500U CPU @ 2.50GHz
stepping	: 3
microcode	: 0xba
cpu MHz		: 2600.000
cache size	: 4096 KB
physical id	: 0
siblings	: 4
core id		: 1
cpu cores	: 2
apicid		: 3
initial apicid	: 3
fpu		: yes
fpu_exception	: yes
cpuid level	: 22
wp		: yes
flags		: fpu vme de pse tsc msr pae mce cx8 apic sep mtrr pge mca cmov pat pse36 clflush dts acpi mmx fxsr sse sse2 ss ht tm pbe syscall nx pdpe1gb rdtscp lm constant_tsc art arch_perfmon pebs bts rep_good nopl xtopology nonstop_tsc cpuid aperfmperf tsc_known_freq pni pclmulqdq dtes64 monitor ds_cpl vmx est tm2 ssse3 sdbg fma cx16 xtpr pdcm pcid sse4_1 sse4_2 x2apic movbe popcnt tsc_deadline_timer aes xsave avx f16c rdrand lahf_lm abm 3dnowprefetch cpuid_fault epb intel_pt tpr_shadow vnmi flexpriority ept vpid fsgsbase tsc_adjust bmi1 avx2 smep bmi2 erms invpcid mpx rdseed adx smap clflushopt xsaveopt xsavec xgetbv1 xsaves dtherm ida arat pln pts hwp hwp_notify hwp_act_window hwp_epp
bugs		:
bogomips	: 5186.00
clflush size	: 64
cache_alignment	: 64
address sizes	: 39 bits physical, 48 bits virtual
power management:



Memory: 4k page, physical 8070808k(107496k free), swap 0k(0k free)

vm_info: OpenJDK 64-Bit Server VM (25.152-b01) for linux-amd64 JRE (1.8.0_152-release-915-b01), built by "builder" with gcc 4.8.4

time: Tue Nov 28 18:41:13 2017
elapsed time: 71 seconds (0d 0h 1m 11s)

